Log file open, 06/13/17 09:23:49
LogInit:Display: Running engine for game: RB_PT_002
LogPlatformFile: Not using cached read wrapper
LogInit:Display: RandInit(1062539521) SRandInit(1062539521).
LogTaskGraph: Started task graph with 5 named threads and 8 total threads with 1 sets of task threads.
LogStats: Stats thread started at 0.172942
LogInit: Using libcurl 7.47.1
LogInit:  - built for x86_64-pc-win32
LogInit:  - supports SSL with OpenSSL/1.0.2g
LogInit:  - supports HTTP deflate (compression) using libz 1.2.8
LogInit:  - other features:
LogInit:      CURL_VERSION_SSL
LogInit:      CURL_VERSION_LIBZ
LogInit:      CURL_VERSION_IPV6
LogInit:      CURL_VERSION_ASYNCHDNS
LogInit:      CURL_VERSION_LARGEFILE
LogInit:      CURL_VERSION_IDN
LogInit:  CurlRequestOptions (configurable via config and command line):
LogInit:  - bVerifyPeer = false  - Libcurl will NOT verify peer certificate
LogInit:  - bUseHttpProxy = false  - Libcurl will NOT use HTTP proxy
LogInit:  - bDontReuseConnections = false  - Libcurl will reuse connections
LogInit:  - CertBundlePath = nullptr  - Libcurl will use whatever was configured at build time.
LogInit: Build: ++UE4+Release-4.16-CL-3466753
LogInit: Engine Version: 4.16.1-3466753+++UE4+Release-4.16
LogInit: Compatible Engine Version: 4.16.0-3452394+++UE4+Release-4.16
LogInit: Net CL: 3452394
LogDevObjectVersion: Number of dev versions registered: 16
LogDevObjectVersion:   Dev-Blueprints (B0D832E4-1F89-4F0D-ACCF-7EB736FD4AA2): 9
LogDevObjectVersion:   Dev-Build (E1C64328-A22C-4D53-A36C-8E866417BD8C): 0
LogDevObjectVersion:   Dev-Core (375EC13C-06E4-48FB-B500-84F0262A717E): 2
LogDevObjectVersion:   Dev-Editor (E4B068ED-F494-42E9-A231-DA0B2E46BB41): 17
LogDevObjectVersion:   Dev-Framework (CFFC743F-43B0-4480-9391-14DF171D2073): 23
LogDevObjectVersion:   Dev-Mobile (B02B49B5-BB20-44E9-A304-32B752E40360): 0
LogDevObjectVersion:   Dev-Networking (A4E4105C-59A1-49B5-A7C5-40C4547EDFEE): 0
LogDevObjectVersion:   Dev-Online (39C831C9-5AE6-47DC-9A44-9C173E1C8E7C): 0
LogDevObjectVersion:   Dev-Physics (78F01B33-EBEA-4F98-B9B4-84EACCB95AA2): 0
LogDevObjectVersion:   Dev-Platform (6631380F-2D4D-43E0-8009-CF276956A95A): 0
LogDevObjectVersion:   Dev-Rendering (12F88B9F-8875-4AFC-A67C-D90C383ABD29): 15
LogDevObjectVersion:   Dev-Sequencer (7B5AE74C-D270-4C10-A958-57980B212A5A): 4
LogDevObjectVersion:   Dev-VR (D7296918-1DD6-4BDD-9DE2-64A83CC13884): 0
LogDevObjectVersion:   Dev-LoadTimes (C2A15278-BFE7-4AFE-6C17-90FF531DF755): 1
LogDevObjectVersion:   Private-Geometry (6EACA3D4-40EC-4CC1-B786-8BED09428FC5): 1
LogDevObjectVersion:   Dev-AnimPhys (29E575DD-E0A3-4627-9D10-D276232CDCEA): 3
LogInit: Compiled (64-bit): May 31 2017 02:03:30
LogInit: Compiled with Visual C++: 19.00.24215.01
LogInit: Build Configuration: Development
LogInit: Branch Name: ++UE4+Release-4.16
LogInit: Command line:  
LogInit: Base directory: C:/Program Files/Epic Games/UE_4.16/Engine/Binaries/Win64/
LogInit: Installed Engine Build: 1
LogInit: Presizing for max 8388607 objects, including 0 objects not considered by GC, pre-allocating 0 bytes for permanent pool.
LogInit: Object subsystem initialized
[2017.06.13-08.23.50:176][  0]LogInit: Selected Device Profile: [Windows]
[2017.06.13-08.23.50:176][  0]LogInit: Applying CVar settings loaded from the selected device profile: [Windows]
[2017.06.13-08.23.50:236][  0]LogInit: Computer: SS-XPS15
[2017.06.13-08.23.50:236][  0]LogInit: User: sssam
[2017.06.13-08.23.50:236][  0]LogInit: CPU Page size=4096, Cores=4
[2017.06.13-08.23.50:236][  0]LogInit: High frequency timer resolution =2.742191 MHz
[2017.06.13-08.23.50:237][  0]LogMemory: Memory total: Physical=7.8GB (8GB approx)
[2017.06.13-08.23.50:237][  0]LogMemory: Platform Memory Stats for Windows
[2017.06.13-08.23.50:237][  0]LogMemory: Process Physical Memory: 274.13 MB used, 274.13 MB peak
[2017.06.13-08.23.50:237][  0]LogMemory: Process Virtual Memory: 261.06 MB used, 261.06 MB peak
[2017.06.13-08.23.50:237][  0]LogMemory: Physical Memory: 5723.30 MB used,  2287.15 MB free, 8010.45 MB total
[2017.06.13-08.23.50:237][  0]LogMemory: Virtual Memory: 638.80 MB used,  2287.15 MB free, 134217728.00 MB total
[2017.06.13-08.23.50:565][  0]LogInit: Using OS detected language (en-US).
[2017.06.13-08.23.50:565][  0]LogInit: Using OS detected locale (en-GB).
[2017.06.13-08.23.50:646][  0]LogTextLocalizationManager: No specific localization for 'en-US' exists, so the 'en' localization will be used.
[2017.06.13-08.23.55:898][  0]LogD3D11RHI: D3D11 adapters:
[2017.06.13-08.23.56:455][  0]LogD3D11RHI:    0. 'NVIDIA GeForce GTX 1050' (Feature Level 11_0)
[2017.06.13-08.23.56:455][  0]LogD3D11RHI:       4053/0/3958 MB DedicatedVideo/DedicatedSystem/SharedSystem, Outputs:1, VendorId:0x10de
[2017.06.13-08.23.56:486][  0]LogD3D11RHI:    1. 'Intel(R) HD Graphics 630' (Feature Level 11_0)
[2017.06.13-08.23.56:486][  0]LogD3D11RHI:       128/0/3958 MB DedicatedVideo/DedicatedSystem/SharedSystem, Outputs:0, VendorId:0x8086
[2017.06.13-08.23.56:488][  0]LogD3D11RHI:    2. 'Microsoft Basic Render Driver' (Feature Level 11_0)
[2017.06.13-08.23.56:488][  0]LogD3D11RHI:       0/0/3958 MB DedicatedVideo/DedicatedSystem/SharedSystem, Outputs:0, VendorId:0x1414
[2017.06.13-08.23.56:488][  0]LogD3D11RHI: Chosen D3D11 Adapter: 0
[2017.06.13-08.23.56:495][  0]LogD3D11RHI: Creating new Direct3DDevice
[2017.06.13-08.23.56:495][  0]LogD3D11RHI:     GPU DeviceId: 0x1c8d (for the marketing name, search the web for "GPU Device Id")
[2017.06.13-08.23.56:495][  0]LogWindows: EnumDisplayDevices:
[2017.06.13-08.23.56:495][  0]LogWindows:    0. 'Intel(R) HD Graphics 630' (P:1 D:1)
[2017.06.13-08.23.56:495][  0]LogWindows:    1. 'Intel(R) HD Graphics 630' (P:0 D:0)
[2017.06.13-08.23.56:496][  0]LogWindows:    2. 'Intel(R) HD Graphics 630' (P:0 D:0)
[2017.06.13-08.23.56:496][  0]LogWindows: DebugString: PrimaryIsNotTheChoosenAdapter PrimaryIsNotTheChoosenAdapter PrimaryIsNotTheChoosenAdapter FoundDriverCount:0 
[2017.06.13-08.23.56:496][  0]LogD3D11RHI:     Adapter Name: NVIDIA GeForce GTX 1050
[2017.06.13-08.23.56:496][  0]LogD3D11RHI:   Driver Version: Unknown (internal:Unknown, unified:Unknown)
[2017.06.13-08.23.56:496][  0]LogD3D11RHI:      Driver Date: Unknown
[2017.06.13-08.23.56:496][  0]LogRHI: Texture pool is 1361 MB (70% of 1945 MB)
[2017.06.13-08.23.57:083][  0]LogD3D11RHI: Async texture creation enabled
[2017.06.13-08.23.57:095][  0]LogD3D11RHI: GPU Timing Frequency: 1000.000000 (Debug: 2 1)
[2017.06.13-08.23.57:096][  0]LogShaderCompilers: Guid format shader working directory is -20 characters bigger than the processId version (../../../../../../Users/sssam/Documents/Unreal Projects/RB_PT_002/Intermediate/Shaders/WorkingDirectory/12568/).
[2017.06.13-08.23.57:096][  0]LogShaderCompilers: Cleaned the shader compiler working directory 'C:/Users/sssam/AppData/Local/Temp/UnrealShaderWorkingDir/13D508E04FD023C96F1B80AB5A1AE8CE/'.
[2017.06.13-08.23.57:096][  0]LogShaderCompilers:Display: Using Local Shader Compiler.
[2017.06.13-08.24.00:827][  0]LogTemp:Display: Loaded TP AllDesktopTargetPlatform
[2017.06.13-08.24.00:882][  0]LogTemp:Display: Loaded TP MacClientTargetPlatform
[2017.06.13-08.24.00:943][  0]LogTemp:Display: Loaded TP MacNoEditorTargetPlatform
[2017.06.13-08.24.00:999][  0]LogTemp:Display: Loaded TP MacServerTargetPlatform
[2017.06.13-08.24.01:087][  0]LogTemp:Display: Loaded TP MacTargetPlatform
[2017.06.13-08.24.01:143][  0]LogTemp:Display: Loaded TP WindowsClientTargetPlatform
[2017.06.13-08.24.01:198][  0]LogTemp:Display: Loaded TP WindowsNoEditorTargetPlatform
[2017.06.13-08.24.01:255][  0]LogTemp:Display: Loaded TP WindowsServerTargetPlatform
[2017.06.13-08.24.01:306][  0]LogTemp:Display: Loaded TP WindowsTargetPlatform
[2017.06.13-08.24.01:390][  0]LogTemp:Display: Loaded TP AndroidTargetPlatform
[2017.06.13-08.24.01:448][  0]LogTemp:Display: Loaded TP Android_ASTCTargetPlatform
[2017.06.13-08.24.01:503][  0]LogTemp:Display: Loaded TP Android_ATCTargetPlatform
[2017.06.13-08.24.01:563][  0]LogTemp:Display: Loaded TP Android_DXTTargetPlatform
[2017.06.13-08.24.01:617][  0]LogTemp:Display: Loaded TP Android_ETC1TargetPlatform
[2017.06.13-08.24.01:672][  0]LogTemp:Display: Loaded TP Android_ETC2TargetPlatform
[2017.06.13-08.24.01:783][  0]LogTemp:Display: Loaded TP Android_MultiTargetPlatform
[2017.06.13-08.24.01:783][  0]LogTemp:Display: Loaded TP Android_PVRTCTargetPlatform
[2017.06.13-08.24.01:830][  0]LogTemp:Display: Loaded TP HTML5TargetPlatform
[2017.06.13-08.24.02:001][  0]LogTemp:Display: Loaded TP IOSTargetPlatform
[2017.06.13-08.24.02:030][  0]LogTemp:Display: Loaded TP TVOSTargetPlatform
[2017.06.13-08.24.02:086][  0]LogTemp:Display: Loaded TP LinuxClientTargetPlatform
[2017.06.13-08.24.02:139][  0]LogTemp:Display: Loaded TP LinuxNoEditorTargetPlatform
[2017.06.13-08.24.02:192][  0]LogTemp:Display: Loaded TP LinuxServerTargetPlatform
[2017.06.13-08.24.02:275][  0]LogTemp:Display: Loaded TP LinuxTargetPlatform
[2017.06.13-08.24.02:276][  0]LogTargetPlatformManager:Display: Building Assets For Windows
[2017.06.13-08.24.03:455][  0]LogDerivedDataCache:Display: Max Cache Size: 512 MB
[2017.06.13-08.24.03:925][  0]LogDerivedDataCache: Loaded boot cache 0.47s 93MB C:/Users/sssam/AppData/Local/UnrealEngine/4.16/DerivedDataCache/Boot.ddc.
[2017.06.13-08.24.03:925][  0]LogDerivedDataCache:Display: Loaded Boot cache: C:/Users/sssam/AppData/Local/UnrealEngine/4.16/DerivedDataCache/Boot.ddc
[2017.06.13-08.24.03:926][  0]LogDerivedDataCache: FDerivedDataBackendGraph:  Pak pak cache file ../../../../../../Users/sssam/Documents/Unreal Projects/RB_PT_002/DerivedDataCache/DDC.ddp not found, will not use a pak cache.
[2017.06.13-08.24.03:926][  0]LogDerivedDataCache: Unable to find inner node Pak for hierarchical cache Hierarchy.
[2017.06.13-08.24.03:926][  0]LogDerivedDataCache: FDerivedDataBackendGraph:  CompressedPak pak cache file ../../../../../../Users/sssam/Documents/Unreal Projects/RB_PT_002/DerivedDataCache/Compressed.ddp not found, will not use a pak cache.
[2017.06.13-08.24.03:926][  0]LogDerivedDataCache: Unable to find inner node CompressedPak for hierarchical cache Hierarchy.
[2017.06.13-08.24.03:962][  0]LogDerivedDataCache:Display: Pak cache opened for reading ../../../Engine/DerivedDataCache/Compressed.ddp.
[2017.06.13-08.24.03:977][  0]LogDerivedDataCache: Using Local data cache path C:/Users/sssam/AppData/Local/UnrealEngine/Common/DerivedDataCache: Writable
[2017.06.13-08.24.03:985][  0]LogMaterial: Verifying Global Shaders for PCD3D_SM5
[2017.06.13-08.24.03:986][  0]LogSlate: Using Freetype 2.6.0
[2017.06.13-08.24.04:005][  0]LogSlate: SlateFontCache - WITH_FREETYPE: 1, WITH_HARFBUZZ: 1
[2017.06.13-08.24.04:005][  0]LogSlate: SlateFontCache - WITH_FREETYPE: 1, WITH_HARFBUZZ: 1
[2017.06.13-08.24.09:324][  0]LogInit: Selected Device Profile: [Windows]
[2017.06.13-08.24.09:492][  0]LogContentStreaming: Texture pool size is 0.00 MB
[2017.06.13-08.24.09:773][  0]LogMeshUtilities: Using QuadricMeshReduction for automatic static mesh reduction
[2017.06.13-08.24.09:891][  0]LogSimplygon: Simplygon DLL not present - disabling.
[2017.06.13-08.24.09:958][  0]LogMeshUtilities: Using SimplygonSwarm for distributed automatic mesh merging
[2017.06.13-08.24.09:958][  0]LogMeshUtilities: No automatic skeletal mesh reduction module available
[2017.06.13-08.24.09:958][  0]LogMeshUtilities: No automatic mesh merging module available
[2017.06.13-08.24.11:568][  0]LogNetVersion: RB_PT_002 , NetCL: 3452394, EngineNetVer: 2, GameNetVer: 0 (Checksum: 979969273)
[2017.06.13-08.24.11:686][  0]LogAssetRegistry: FAssetRegistry took 0.0267 seconds to start up
[2017.06.13-08.24.11:837][  0]LogPackageLocalizationCache: Processed 4 localized package path(s) for 2 prioritized culture(s) in 0.109197 seconds
[2017.06.13-08.24.11:843][  0]LogUObjectArray: 34194 objects as part of root set at end of initial load.
[2017.06.13-08.24.11:843][  0]LogUObjectAllocator: 7260416 out of 0 bytes used by permanent object pool.
[2017.06.13-08.24.11:843][  0]LogUObjectArray: CloseDisregardForGC: 0/0 objects in disregard for GC pool
[2017.06.13-08.24.11:915][  0]LogInit: WinSock: version 1.1 (2.2), MaxSocks=32767, MaxUdp=65467
[2017.06.13-08.24.21:970][  0]LogTcpMessaging: Initializing TcpMessaging bridge
[2017.06.13-08.24.22:020][  0]LogUdpMessaging: Initializing bridge on interface 0.0.0.0:0 to multicast group 230.0.0.1:6666.
[2017.06.13-08.24.23:352][  0]LogMaterial: Uniform references updated for custom material expression Custom.
[2017.06.13-08.24.23:901][  0]SourceControl: Info Source control is disabled
[2017.06.13-08.24.25:723][  0]LogAndroidPermission: UAndroidPermissionCallbackProxy::GetInstance
[2017.06.13-08.24.26:444][  0]LogEngine: Initializing Engine...
[2017.06.13-08.24.26:450][  0]LogHMD: Failed to initialize OpenVR with code 100
[2017.06.13-08.24.26:710][  0]LogStats: UGameplayTagsManager::ConstructGameplayTagTree: Construct from data asset -  0.000 s
[2017.06.13-08.24.26:710][  0]LogStats: UGameplayTagsManager::ConstructGameplayTagTree: GameplayTagTreeChangedEvent.Broadcast -  0.000 s
[2017.06.13-08.24.26:857][  0]LogAIModule: Creating AISystem for world Untitled
[2017.06.13-08.24.26:902][  0]LogInit: XAudio2 using 'Speakers / Headphones (Realtek Audio)' : 2 channels at 48 kHz using 32 bits per sample (channel mask 0x3)
[2017.06.13-08.24.27:513][  0]LogInit: FAudioDevice initialized.
[2017.06.13-08.24.27:586][  0]LogDerivedDataCache: Saved boot cache 0.07s 93MB C:/Users/sssam/AppData/Local/UnrealEngine/4.16/DerivedDataCache/Boot.ddc.
[2017.06.13-08.24.27:600][  0]LogInit: Texture streaming: Enabled
[2017.06.13-08.24.27:701][  0]LogEngineSessionManager: EngineSessionManager initialized
[2017.06.13-08.24.27:701][  0]LogEngineSessionManager: EngineSessionManager sent abnormal shutdown report. Type=AbnormalShutdown, SessionId={2549E659-468E-B79C-DD9D-5796C1FDF605}
[2017.06.13-08.24.28:034][  0]LogInit: Transaction tracking system initialized
[2017.06.13-08.24.28:404][  0]BlueprintLog: New page: Editor Load
[2017.06.13-08.24.29:569][  0]LocalizationService: Info Localization service is disabled
[2017.06.13-08.24.30:486][  0]LogConsoleResponse:Display: 
[2017.06.13-08.24.30:668][  0]LogCook:Display: Max memory allowance for cook 16384mb min free memory 0mb
[2017.06.13-08.24.30:668][  0]LogCook:Display: Mobile HDR setting 1
[2017.06.13-08.24.31:360][  0]LogFileCache: Scanning file cache for directory 'C:/Users/sssam/Documents/Unreal Projects/RB_PT_002/Content/' took 0.02s
[2017.06.13-08.24.32:266][  0]Cmd: MAP LOAD FILE="../../../../../../Users/sssam/Documents/Unreal Projects/RB_PT_002/Content/ThirdPersonCPP/Maps/ThirdPersonExampleMap.umap" TEMPLATE=0 SHOWPROGRESS=1 FEATURELEVEL=3
[2017.06.13-08.24.32:267][  0]LightingResults: New page: Lighting Build
[2017.06.13-08.24.32:323][  0]MapCheck: New page: Map Check
[2017.06.13-08.24.32:323][  0]LightingResults: New page: Lighting Build
[2017.06.13-08.24.32:339][  0]LogLinker:Warning: Unable to load package (../../../../../../Users/sssam/Documents/Unreal Projects/RB_PT_002/Content/ThirdPersonCPP/Maps/ThirdPersonExampleMap.umap). Post Tag is not valid. File might be corrupted.
[2017.06.13-08.24.32:386][  0]LogSlate: Took 0.034013 seconds to synchronously load lazily loaded font '../../../Engine/Content/Slate/Fonts/Roboto-Regular.ttf' (155K)
[2017.06.13-08.24.50:710][  0]LogWindowsTextInputMethodSystem:Display: IME system now deactivated.
[2017.06.13-08.24.50:713][  0]LogWindowsTextInputMethodSystem:Display: IME system now deactivated.
[2017.06.13-08.24.50:714][  0]LightingResults: New page: Lighting Build
[2017.06.13-08.24.50:715][  0]LogAIModule: Creating AISystem for world Untitled
[2017.06.13-08.24.50:716][  0]LoadErrors: New page: New Map
[2017.06.13-08.24.50:893][  0]LogCollectionManager: Loaded 0 collections in 0.002173 seconds
[2017.06.13-08.24.50:980][  0]LogFileCache: Scanning file cache for directory 'C:/Users/sssam/Documents/Unreal Projects/RB_PT_002/Saved/Collections/' took 0.01s
[2017.06.13-08.24.50:980][  0]LogFileCache: Scanning file cache for directory 'C:/Users/sssam/Documents/Unreal Projects/RB_PT_002/Content/Developers/sssam/Collections/' took 0.01s
[2017.06.13-08.24.50:980][  0]LogFileCache: Scanning file cache for directory 'C:/Users/sssam/Documents/Unreal Projects/RB_PT_002/Content/Collections/' took 0.01s
[2017.06.13-08.24.50:980][  0]LogCollectionManager: Rebuilt the GUID cache for 0 collections in 0.000003 seconds
[2017.06.13-08.24.50:990][  0]LogContentBrowser: Native class hierarchy populated in 0.0096 seconds. Added 2331 classes and 493 folders.
[2017.06.13-08.24.51:065][  0]LogContentBrowser: Native class hierarchy updated for 'WidgetCarousel' in 0.0014 seconds. Added 0 classes and 0 folders.
[2017.06.13-08.24.51:599][  0]LogContentBrowser: Native class hierarchy updated for 'AddContentDialog' in 0.0018 seconds. Added 0 classes and 0 folders.
[2017.06.13-08.24.51:652][  0]LogContentBrowser: Native class hierarchy updated for 'SceneOutliner' in 0.0016 seconds. Added 1 classes and 2 folders.
[2017.06.13-08.24.51:693][  0]LogCrashTracker: Crashtracker disabled due to settings.
[2017.06.13-08.24.51:703][  0]LogSlate: Took 0.005466 seconds to synchronously load lazily loaded font '../../../Engine/Content/Slate/Fonts/Roboto-Bold.ttf' (160K)
[2017.06.13-08.24.51:714][  0]LogSlate: Took 0.005679 seconds to synchronously load lazily loaded font '../../../Engine/Content/Editor/Slate/Fonts/FontAwesome.ttf' (139K)
[2017.06.13-08.24.51:877][  0]LogRenderer: Reallocating scene render targets to support 1208x580 NumSamples 1 (Frame:1).
[2017.06.13-08.24.51:964][  0]LogUObjectGlobals:Warning: Failed to find object 'Class None.'
[2017.06.13-08.24.52:042][  0]LogContentBrowser: Native class hierarchy updated for 'HierarchicalLODOutliner' in 0.0018 seconds. Added 1 classes and 2 folders.
[2017.06.13-08.24.52:042][  0]LogLoad: (Engine Initialization) Total time: 67.60 seconds
[2017.06.13-08.24.52:042][  0]LogLoad: (Engine Initialization) Total Blueprint compile time: 0.17 seconds
[2017.06.13-08.24.52:042][  0]LogExternalProfiler: No external profilers were discovered.  External profiling features will not be available.
[2017.06.13-08.24.52:051][  0]LogOcInput: OculusInput pre-init called
[2017.06.13-08.24.52:052][  0]LogHMD: Starting GearVRController plugin
[2017.06.13-08.24.52:068][  0]LogAssetRegistry: Asset discovery search completed in 40.4035 seconds
[2017.06.13-08.24.52:070][  0]LogCollectionManager: Rebuilt the object cache for 0 collections in 0.000000 seconds (found 0 objects)
[2017.06.13-08.24.52:070][  0]LogCollectionManager: Fixed up redirectors for 0 collections in 0.000049 seconds (updated 0 objects)
[2017.06.13-08.24.52:072][  0]SourceControl: Info On branch master
[2017.06.13-08.24.52:072][  0]SourceControl: Info Changes not staged for commit:
[2017.06.13-08.24.52:072][  0]SourceControl: Info   (use "git add <file>..." to update what will be committed)
[2017.06.13-08.24.52:072][  0]SourceControl: Info   (use "git checkout -- <file>..." to discard changes in working directory)
[2017.06.13-08.24.52:072][  0]SourceControl: Info 	modified:   Content/ThirdPersonCPP/Blueprints/M_Projectile.uasset
[2017.06.13-08.24.52:072][  0]SourceControl: Info 	modified:   Content/ThirdPersonCPP/Blueprints/Projectile.uasset
[2017.06.13-08.24.52:072][  0]SourceControl: Info 	modified:   Content/ThirdPersonCPP/Blueprints/ThirdPersonCharacter.uasset
[2017.06.13-08.24.52:072][  0]SourceControl: Info 	modified:   Content/ThirdPersonCPP/Blueprints/basicHud.uasset
[2017.06.13-08.24.52:072][  0]SourceControl: Info 	modified:   Content/ThirdPersonCPP/Maps/ThirdPersonExampleMap.umap
[2017.06.13-08.24.52:072][  0]SourceControl: Info no changes added to commit (use "git add" and/or "git commit -a")
[2017.06.13-08.24.52:072][  0]LogContentStreaming: Texture pool size now 1000 MB
[2017.06.13-08.24.52:100][  0]LogSlate: Took 0.006222 seconds to synchronously load lazily loaded font '../../../Engine/Content/Slate/Fonts/Roboto-Light.ttf' (159K)
[2017.06.13-08.24.58:779][783]LogSlate: Took 0.000287 seconds to synchronously load lazily loaded font '../../../Engine/Content/Slate/Fonts/Roboto-Light.ttf' (159K)
[2017.06.13-08.24.58:789][783]LogLinker:Warning: Unable to load package (../../../../../../Users/sssam/Documents/Unreal Projects/RB_PT_002/Content/ThirdPersonCPP/Maps/ThirdPersonExampleMap.umap). Post Tag is not valid. File might be corrupted.
[2017.06.13-08.24.58:790][783]LogUObjectGlobals:Warning: Failed to find object 'Object /Game/ThirdPersonCPP/Maps/ThirdPersonExampleMap.ThirdPersonExampleMap'
[2017.06.13-08.25.01:964][158]LogLinker:Warning: Unable to load package (../../../../../../Users/sssam/Documents/Unreal Projects/RB_PT_002/Content/ThirdPersonCPP/Maps/ThirdPersonExampleMap.umap). Post Tag is not valid. File might be corrupted.
[2017.06.13-08.25.09:127][ 15]LogTemp: Repeting last play command: Selected Viewport
[2017.06.13-08.25.09:227][ 15]LogPlayLevel: PlayLevel: No blueprints needed recompiling
[2017.06.13-08.25.09:227][ 15]PIE: New page: PIE session: Untitled_1 (13 Jun 2017 10:25:09)
[2017.06.13-08.25.09:228][ 15]LogPlayLevel: Creating play world package: /Temp/UEDPIE_0_Untitled_1
[2017.06.13-08.25.09:229][ 15]LogPlayLevel: PIE: StaticDuplicateObject took: (0.001137s)
[2017.06.13-08.25.09:229][ 15]LogAIModule: Creating AISystem for world Untitled
[2017.06.13-08.25.09:230][ 15]LogPlayLevel: PIE: World Init took: (0.000996s)
[2017.06.13-08.25.09:230][ 15]LogPlayLevel: PIE: Created PIE world by copying editor world from /Temp/Untitled_1.Untitled to /Temp/UEDPIE_0_Untitled_1.Untitled (0.002421s)
[2017.06.13-08.25.09:245][ 15]LogInit: XAudio2 using 'Speakers / Headphones (Realtek Audio)' : 2 channels at 48 kHz using 32 bits per sample (channel mask 0x3)
[2017.06.13-08.25.09:252][ 15]LogInit: FAudioDevice initialized.
[2017.06.13-08.25.09:293][ 15]LogLoad: Game class is 'RB_PT_002GameMode'
[2017.06.13-08.25.09:297][ 15]LogWorld: Bringing World /Temp/UEDPIE_0_Untitled_1.Untitled up for play (max tick rate 0) at 2017.06.13-09.25.09
[2017.06.13-08.25.09:298][ 15]LogWorld: Bringing up level for play took: 0.000887
[2017.06.13-08.25.09:348][ 15]LogContentBrowser: Native class hierarchy updated for 'MovieSceneCapture' in 0.0016 seconds. Added 11 classes and 0 folders.
[2017.06.13-08.25.09:351][ 15]PIE: Info Play in editor start time for /Temp/UEDPIE_0_Untitled_1 0.256
[2017.06.13-08.25.13:105][457]LogWindowsTextInputMethodSystem:Display: IME system now deactivated.
[2017.06.13-08.25.13:317][458]Cmd: QUIT_EDITOR
[2017.06.13-08.25.13:571][458]LogExit: Preparing to exit.
[2017.06.13-08.25.14:235][458]LogDirectoryWatcher: A directory notification for 'C:/Users/sssam/Documents/Unreal Projects/RB_PT_002/Content/' was aborted.
[2017.06.13-08.25.14:249][458]LogExit: Editor shut down
[2017.06.13-08.25.14:251][458]LogExit: Transaction tracking system shut down
[2017.06.13-08.25.14:305][458]LogObj: Freed 0b from 0 cluster array pools.
[2017.06.13-08.25.14:305][458]LogExit: Object subsystem successfully closed.
[2017.06.13-08.25.14:521][458]LogD3D11RHI: Shutdown
[2017.06.13-08.25.14:521][458]LogD3D11RHI: CleanupD3DDevice
[2017.06.13-08.25.14:650][458]LogD3D11RHI: ~FD3D11DynamicRHI
[2017.06.13-08.25.14:671][458]LogModuleManager: Shutting down and abandoning module MovieSceneCapture (528)
[2017.06.13-08.25.14:671][458]LogModuleManager: Shutting down and abandoning module HierarchicalLODOutliner (526)
[2017.06.13-08.25.14:671][458]LogModuleManager: Shutting down and abandoning module CrashTracker (524)
[2017.06.13-08.25.14:671][458]LogModuleManager: Shutting down and abandoning module SceneOutliner (522)
[2017.06.13-08.25.14:671][458]LogModuleManager: Shutting down and abandoning module AddContentDialog (520)
[2017.06.13-08.25.14:671][458]LogDirectoryWatcher: A directory notification for 'C:/Program Files/Epic Games/UE_4.16/FeaturePacks/' was aborted.
[2017.06.13-08.25.14:672][458]LogModuleManager: Shutting down and abandoning module WidgetCarousel (519)
[2017.06.13-08.25.14:672][458]LogModuleManager: Shutting down and abandoning module EditorWidgets (516)
[2017.06.13-08.25.14:672][458]LogModuleManager: Shutting down and abandoning module CollectionManager (514)
[2017.06.13-08.25.14:672][458]LogDirectoryWatcher: A directory notification for 'C:/Users/sssam/Documents/Unreal Projects/RB_PT_002/Content/Collections/' was aborted.
[2017.06.13-08.25.14:672][458]LogDirectoryWatcher: A directory notification for 'C:/Users/sssam/Documents/Unreal Projects/RB_PT_002/Content/Developers/sssam/Collections/' was aborted.
[2017.06.13-08.25.14:672][458]LogDirectoryWatcher: A directory notification for 'C:/Users/sssam/Documents/Unreal Projects/RB_PT_002/Saved/Collections/' was aborted.
[2017.06.13-08.25.14:672][458]LogModuleManager: Shutting down and abandoning module StatsViewer (512)
[2017.06.13-08.25.14:672][458]LogModuleManager: Shutting down and abandoning module FoliageEdit (510)
[2017.06.13-08.25.14:672][458]LogModuleManager: Shutting down and abandoning module LandscapeEditor (508)
[2017.06.13-08.25.14:672][458]LogModuleManager: Shutting down and abandoning module MeshPaintMode (506)
[2017.06.13-08.25.14:672][458]LogModuleManager: Shutting down and abandoning module SceneDepthPickerMode (504)
[2017.06.13-08.25.14:672][458]LogModuleManager: Shutting down and abandoning module ActorPickerMode (502)
[2017.06.13-08.25.14:672][458]LogModuleManager: Shutting down and abandoning module GeometryMode (500)
[2017.06.13-08.25.14:672][458]LogModuleManager: Shutting down and abandoning module TextureAlignMode (498)
[2017.06.13-08.25.14:672][458]LogModuleManager: Shutting down and abandoning module BspMode (496)
[2017.06.13-08.25.14:672][458]LogModuleManager: Shutting down and abandoning module HardwareSurvey (494)
[2017.06.13-08.25.14:672][458]LogModuleManager: Shutting down and abandoning module SequenceRecorderSections (492)
[2017.06.13-08.25.14:672][458]LogModuleManager: Shutting down and abandoning module AutomationWorker (490)
[2017.06.13-08.25.14:672][458]LogModuleManager: Shutting down and abandoning module MatineeToLevelSequence (488)
[2017.06.13-08.25.14:672][458]LogModuleManager: Shutting down and abandoning module LevelSequenceEditor (486)
[2017.06.13-08.25.14:672][458]LogModuleManager: Shutting down and abandoning module PlacementMode (485)
[2017.06.13-08.25.14:672][458]LogModuleManager: Shutting down and abandoning module WmfMediaFactory (482)
[2017.06.13-08.25.14:672][458]LogModuleManager: Shutting down and abandoning module WmfMediaEditor (480)
[2017.06.13-08.25.14:672][458]LogModuleManager: Shutting down and abandoning module AvfMediaFactory (478)
[2017.06.13-08.25.14:672][458]LogModuleManager: Shutting down and abandoning module AvfMediaEditor (476)
[2017.06.13-08.25.14:672][458]LogModuleManager: Shutting down and abandoning module AndroidMediaFactory (474)
[2017.06.13-08.25.14:672][458]LogModuleManager: Shutting down and abandoning module Media (473)
[2017.06.13-08.25.14:672][458]LogModuleManager: Shutting down and abandoning module AndroidMediaEditor (470)
[2017.06.13-08.25.14:672][458]LogModuleManager: Shutting down and abandoning module CharacterAI (468)
[2017.06.13-08.25.14:672][458]LogModuleManager: Shutting down and abandoning module AudioCapture (466)
[2017.06.13-08.25.14:673][458]LogModuleManager: Shutting down and abandoning module SequenceRecorder (465)
[2017.06.13-08.25.14:673][458]LogModuleManager: Shutting down and abandoning module SmartSnapping (462)
[2017.06.13-08.25.14:673][458]LogModuleManager: Shutting down and abandoning module SessionServices (460)
[2017.06.13-08.25.14:673][458]LogModuleManager: Shutting down and abandoning module ViewportSnapping (458)
[2017.06.13-08.25.14:673][458]LogModuleManager: Shutting down and abandoning module ViewportInteraction (456)
[2017.06.13-08.25.14:673][458]LogModuleManager: Shutting down and abandoning module ClothPainter (454)
[2017.06.13-08.25.14:673][458]LogModuleManager: Shutting down and abandoning module LogVisualizer (452)
[2017.06.13-08.25.14:673][458]LogModuleManager: Shutting down and abandoning module IntroTutorials (450)
[2017.06.13-08.25.14:673][458]LogModuleManager: Shutting down and abandoning module GameProjectGeneration (449)
[2017.06.13-08.25.14:673][458]LogModuleManager: Shutting down and abandoning module EditorLiveStreaming (446)
[2017.06.13-08.25.14:673][458]LogModuleManager: Shutting down and abandoning module IOSPlatformEditor (444)
[2017.06.13-08.25.14:673][458]LogModuleManager: Shutting down and abandoning module HTML5PlatformEditor (442)
[2017.06.13-08.25.14:673][458]LogModuleManager: Shutting down and abandoning module AndroidPlatformEditor (440)
[2017.06.13-08.25.14:673][458]LogModuleManager: Shutting down and abandoning module AndroidDeviceDetection (439)
[2017.06.13-08.25.15:009][458]LogModuleManager: Shutting down and abandoning module IOSRuntimeSettings (436)
[2017.06.13-08.25.15:009][458]LogModuleManager: Shutting down and abandoning module AndroidRuntimeSettings (434)
[2017.06.13-08.25.15:009][458]LogModuleManager: Shutting down and abandoning module InputBindingEditor (432)
[2017.06.13-08.25.15:009][458]LogModuleManager: Shutting down and abandoning module MergeActors (430)
[2017.06.13-08.25.15:009][458]LogModuleManager: Shutting down and abandoning module SizeMap (428)
[2017.06.13-08.25.15:009][458]LogModuleManager: Shutting down and abandoning module TreeMap (426)
[2017.06.13-08.25.15:009][458]LogModuleManager: Shutting down and abandoning module ReferenceViewer (424)
[2017.06.13-08.25.15:009][458]LogModuleManager: Shutting down and abandoning module LocalizationDashboard (422)
[2017.06.13-08.25.15:009][458]LogModuleManager: Shutting down and abandoning module LocalizationService (421)
[2017.06.13-08.25.15:009][458]LogModuleManager: Shutting down and abandoning module HardwareTargeting (418)
[2017.06.13-08.25.15:009][458]LogModuleManager: Shutting down and abandoning module DeviceProfileEditor (416)
[2017.06.13-08.25.15:009][458]LogModuleManager: Shutting down and abandoning module UndoHistory (414)
[2017.06.13-08.25.15:009][458]LogModuleManager: Shutting down and abandoning module UserFeedback (412)
[2017.06.13-08.25.15:009][458]LogModuleManager: Shutting down and abandoning module XmlParser (410)
[2017.06.13-08.25.15:009][458]LogModuleManager: Shutting down and abandoning module Blutility (408)
[2017.06.13-08.25.15:009][458]LogModuleManager: Shutting down and abandoning module ProjectSettingsViewer (406)
[2017.06.13-08.25.15:009][458]LogModuleManager: Shutting down and abandoning module ProjectTargetPlatformEditor (405)
[2017.06.13-08.25.15:009][458]LogModuleManager: Shutting down and abandoning module EditorSettingsViewer (402)
[2017.06.13-08.25.15:009][458]LogModuleManager: Shutting down and abandoning module SettingsEditor (400)
[2017.06.13-08.25.15:010][458]LogModuleManager: Shutting down and abandoning module ProjectLauncher (398)
[2017.06.13-08.25.15:010][458]LogModuleManager: Shutting down and abandoning module SessionFrontend (396)
[2017.06.13-08.25.15:010][458]LogModuleManager: Shutting down and abandoning module ProfilerClient (394)
[2017.06.13-08.25.15:010][458]LogModuleManager: Shutting down and abandoning module DeviceManager (392)
[2017.06.13-08.25.15:010][458]LogModuleManager: Shutting down and abandoning module TargetDeviceServices (391)
[2017.06.13-08.25.15:063][458]LogModuleManager: Shutting down and abandoning module AutomationController (388)
[2017.06.13-08.25.15:063][458]LogModuleManager: Shutting down and abandoning module AutomationWindow (386)
[2017.06.13-08.25.15:063][458]LogModuleManager: Shutting down and abandoning module Layers (384)
[2017.06.13-08.25.15:063][458]LogModuleManager: Shutting down and abandoning module ComponentVisualizers (382)
[2017.06.13-08.25.15:063][458]LogModuleManager: Shutting down and abandoning module DetailCustomizations (380)
[2017.06.13-08.25.15:063][458]LogModuleManager: Shutting down and abandoning module PackagesDialog (378)
[2017.06.13-08.25.15:063][458]LogModuleManager: Shutting down and abandoning module Persona (376)
[2017.06.13-08.25.15:063][458]LogModuleManager: Shutting down and abandoning module AdvancedPreviewScene (375)
[2017.06.13-08.25.15:063][458]LogModuleManager: Shutting down and abandoning module AnimGraph (373)
[2017.06.13-08.25.15:063][458]LogModuleManager: Shutting down and abandoning module Kismet (370)
[2017.06.13-08.25.15:064][458]LogModuleManager: Shutting down and abandoning module ClassViewer (368)
[2017.06.13-08.25.15:064][458]LogModuleManager: Shutting down and abandoning module Toolbox (366)
[2017.06.13-08.25.15:064][458]LogModuleManager: Shutting down and abandoning module ModuleUI (364)
[2017.06.13-08.25.15:064][458]LogModuleManager: Shutting down and abandoning module MovieSceneTools (362)
[2017.06.13-08.25.15:064][458]LogModuleManager: Shutting down and abandoning module OutputLog (360)
[2017.06.13-08.25.15:064][458]LogModuleManager: Shutting down and abandoning module GammaUI (358)
[2017.06.13-08.25.15:064][458]LogModuleManager: Shutting down and abandoning module Documentation (356)
[2017.06.13-08.25.15:064][458]LogModuleManager: Shutting down and abandoning module MovieSceneTracks (354)
[2017.06.13-08.25.15:064][458]LogModuleManager: Shutting down and abandoning module MovieScene (352)
[2017.06.13-08.25.15:064][458]LogModuleManager: Shutting down and abandoning module Niagara (350)
[2017.06.13-08.25.15:064][458]LogModuleManager: Shutting down and abandoning module NiagaraEditor (349)
[2017.06.13-08.25.15:064][458]LogModuleManager: Shutting down and abandoning module StreamingPauseRendering (346)
[2017.06.13-08.25.15:064][458]LogModuleManager: Shutting down and abandoning module AnalyticsET (344)
[2017.06.13-08.25.15:064][458]LogModuleManager: Shutting down and abandoning module PortalServices (342)
[2017.06.13-08.25.15:064][458]LogModuleManager: Shutting down and abandoning module PortalRpc (340)
[2017.06.13-08.25.15:064][458]LogModuleManager: Shutting down and abandoning module MessagingRpc (338)
[2017.06.13-08.25.15:064][458]LogModuleManager: Shutting down and abandoning module AIModule (336)
[2017.06.13-08.25.15:064][458]LogModuleManager: Shutting down and abandoning module GameplayDebugger (335)
[2017.06.13-08.25.15:064][458]LogModuleManager: Shutting down and abandoning module AITestSuite (333)
[2017.06.13-08.25.15:064][458]LogModuleManager: Shutting down and abandoning module ProfilerService (330)
[2017.06.13-08.25.15:211][458]LogModuleManager: Shutting down and abandoning module TaskGraph (328)
[2017.06.13-08.25.15:211][458]LogModuleManager: Shutting down and abandoning module SteamVRController (326)
[2017.06.13-08.25.15:211][458]LogModuleManager: Shutting down and abandoning module SteamVR (324)
[2017.06.13-08.25.15:211][458]LogModuleManager: Shutting down and abandoning module ProceduralMeshComponentEditor (322)
[2017.06.13-08.25.15:211][458]LogModuleManager: Shutting down and abandoning module ProceduralMeshComponent (320)
[2017.06.13-08.25.15:211][458]LogModuleManager: Shutting down and abandoning module OculusLibrary (318)
[2017.06.13-08.25.15:211][458]LogModuleManager: Shutting down and abandoning module OculusInput (316)
[2017.06.13-08.25.15:211][458]LogModuleManager: Shutting down and abandoning module MobilePatchingUtils (314)
[2017.06.13-08.25.15:211][458]LogModuleManager: Shutting down and abandoning module CustomMeshComponent (312)
[2017.06.13-08.25.15:211][458]LogModuleManager: Shutting down and abandoning module CableComponent (310)
[2017.06.13-08.25.15:211][458]LogModuleManager: Shutting down and abandoning module ArchVisCharacter (308)
[2017.06.13-08.25.15:211][458]LogModuleManager: Shutting down and abandoning module AndroidPermission (306)
[2017.06.13-08.25.15:211][458]LogModuleManager: Shutting down and abandoning module MediaPlayerEditor (302)
[2017.06.13-08.25.15:211][458]LogModuleManager: Shutting down and abandoning module HTML5Networking (300)
[2017.06.13-08.25.15:211][458]LogModuleManager: Shutting down and abandoning module AlembicImporter (298)
[2017.06.13-08.25.15:211][458]LogModuleManager: Shutting down and abandoning module AlembicLibrary (297)
[2017.06.13-08.25.15:211][458]LogModuleManager: Shutting down and abandoning module GeometryCache (296)
[2017.06.13-08.25.15:211][458]LogModuleManager: Shutting down and abandoning module GeometryCacheEd (295)
[2017.06.13-08.25.15:211][458]LogModuleManager: Shutting down and abandoning module SuperSearchEditor (290)
[2017.06.13-08.25.15:211][458]LogModuleManager: Shutting down and abandoning module SuperSearch (289)
[2017.06.13-08.25.15:211][458]LogModuleManager: Shutting down and abandoning module SpeedTreeImporter (286)
[2017.06.13-08.25.15:211][458]LogModuleManager: Shutting down and abandoning module PluginBrowser (284)
[2017.06.13-08.25.15:212][458]LogModuleManager: Shutting down and abandoning module MobileLauncherProfileWizard (282)
[2017.06.13-08.25.15:212][458]LogModuleManager: Shutting down and abandoning module VisualStudioSourceCodeAccess (280)
[2017.06.13-08.25.15:212][458]LogModuleManager: Shutting down and abandoning module DesktopPlatform (279)
[2017.06.13-08.25.15:212][458]LogModuleManager: Shutting down and abandoning module UObjectPlugin (276)
[2017.06.13-08.25.15:212][458]LogModuleManager: Shutting down and abandoning module SubversionSourceControl (274)
[2017.06.13-08.25.15:212][458]LogModuleManager: Shutting down and abandoning module PerforceSourceControl (272)
[2017.06.13-08.25.15:212][458]LogModuleManager: Shutting down and abandoning module GitSourceControl (270)
[2017.06.13-08.25.15:212][458]LogModuleManager: Shutting down and abandoning module SourceControl (269)
[2017.06.13-08.25.15:212][458]LogModuleManager: Shutting down and abandoning module LightPropagationVolumeEditor (266)
[2017.06.13-08.25.15:212][458]LogModuleManager: Shutting down and abandoning module PaperTiledImporter (264)
[2017.06.13-08.25.15:212][458]LogModuleManager: Shutting down and abandoning module PaperSpriteSheetImporter (262)
[2017.06.13-08.25.15:212][458]LogModuleManager: Shutting down and abandoning module Paper2DEditor (260)
[2017.06.13-08.25.15:212][458]LogModuleManager: Shutting down and abandoning module MeshPaint (259)
[2017.06.13-08.25.15:212][458]LogModuleManager: Shutting down and abandoning module LevelEditor (257)
[2017.06.13-08.25.15:212][458]LogModuleManager: Shutting down and abandoning module PixelInspectorModule (256)
[2017.06.13-08.25.15:212][458]LogModuleManager: Shutting down and abandoning module MainFrame (254)
[2017.06.13-08.25.15:212][458]LogModuleManager: Shutting down and abandoning module HotReload (253)
[2017.06.13-08.25.15:212][458]LogDirectoryWatcher: A directory notification for 'C:/Users/sssam/Documents/Unreal Projects/RB_PT_002/Binaries/Win64' was aborted.
[2017.06.13-08.25.15:213][458]LogModuleManager: Shutting down and abandoning module RB_PT_002 (248)
[2017.06.13-08.25.15:213][458]LogModuleManager: Shutting down and abandoning module PhysXVehiclesEditor (246)
[2017.06.13-08.25.15:213][458]LogModuleManager: Shutting down and abandoning module PhysXVehicles (244)
[2017.06.13-08.25.15:213][458]LogModuleManager: Shutting down and abandoning module LocationServicesBPLibrary (242)
[2017.06.13-08.25.15:213][458]LogModuleManager: Shutting down and abandoning module ImmediatePhysicsEditor (240)
[2017.06.13-08.25.15:213][458]LogModuleManager: Shutting down and abandoning module ImmediatePhysics (238)
[2017.06.13-08.25.15:213][458]LogModuleManager: Shutting down and abandoning module UdpMessaging (236)
[2017.06.13-08.25.15:314][458]LogModuleManager: Shutting down and abandoning module TcpMessaging (234)
[2017.06.13-08.25.15:414][458]LogModuleManager: Shutting down and abandoning module GameplayTagsEditor (232)
[2017.06.13-08.25.15:414][458]LogModuleManager: Shutting down and abandoning module FacialAnimationEditor (230)
[2017.06.13-08.25.15:414][458]LogModuleManager: Shutting down and abandoning module FacialAnimation (228)
[2017.06.13-08.25.15:414][458]LogModuleManager: Shutting down and abandoning module AssetManagerEditor (226)
[2017.06.13-08.25.15:414][458]LogModuleManager: Shutting down and abandoning module GraphEditor (225)
[2017.06.13-08.25.15:414][458]LogModuleManager: Shutting down and abandoning module ContentBrowser (223)
[2017.06.13-08.25.15:415][458]LogModuleManager: Shutting down and abandoning module LightPropagationVolumeRuntime (220)
[2017.06.13-08.25.15:415][458]LogModuleManager: Shutting down and abandoning module Paper2D (218)
[2017.06.13-08.25.15:415][458]LogModuleManager: Shutting down and abandoning module WindowsMoviePlayer (216)
[2017.06.13-08.25.15:415][458]LogModuleManager: Shutting down and abandoning module WmfMedia (214)
[2017.06.13-08.25.15:416][458]LogModuleManager: Shutting down and abandoning module ClothingSystemEditor (212)
[2017.06.13-08.25.15:416][458]LogModuleManager: Shutting down and abandoning module ClothingSystemRuntime (210)
[2017.06.13-08.25.15:416][458]LogModuleManager: Shutting down and abandoning module MediaAssets (208)
[2017.06.13-08.25.15:416][458]LogModuleManager: Shutting down and abandoning module GameLiveStreaming (206)
[2017.06.13-08.25.15:416][458]LogModuleManager: Shutting down and abandoning module VREditor (204)
[2017.06.13-08.25.15:416][458]LogModuleManager: Shutting down and abandoning module StringTableEditor (202)
[2017.06.13-08.25.15:416][458]LogModuleManager: Shutting down and abandoning module GameplayTasksEditor (200)
[2017.06.13-08.25.15:416][458]LogModuleManager: Shutting down and abandoning module BehaviorTreeEditor (198)
[2017.06.13-08.25.15:416][458]LogModuleManager: Shutting down and abandoning module FunctionalTesting (196)
[2017.06.13-08.25.15:416][458]LogModuleManager: Shutting down and abandoning module CollisionAnalyzer (194)
[2017.06.13-08.25.15:416][458]LogModuleManager: Shutting down and abandoning module UMG (192)
[2017.06.13-08.25.15:416][458]LogModuleManager: Shutting down and abandoning module UMGEditor (191)
[2017.06.13-08.25.15:416][458]LogModuleManager: Shutting down and abandoning module Sequencer (190)
[2017.06.13-08.25.15:416][458]LogModuleManager: Shutting down and abandoning module AssetTools (188)
[2017.06.13-08.25.15:416][458]LogModuleManager: Shutting down and abandoning module MessageLog (187)
[2017.06.13-08.25.15:416][458]LogModuleManager: Shutting down and abandoning module WorkspaceMenuStructure (186)
[2017.06.13-08.25.15:416][458]LogModuleManager: Shutting down and abandoning module SlateReflector (180)
[2017.06.13-08.25.15:416][458]LogModuleManager: Shutting down and abandoning module Slate (178)
[2017.06.13-08.25.15:416][458]LogModuleManager: Shutting down and abandoning module EditorStyle (176)
[2017.06.13-08.25.15:419][458]LogModuleManager: Shutting down and abandoning module SourceCodeAccess (174)
[2017.06.13-08.25.15:419][458]LogModuleManager: Shutting down and abandoning module HeadMountedDisplay (172)
[2017.06.13-08.25.15:419][458]LogModuleManager: Shutting down and abandoning module XAudio2 (170)
[2017.06.13-08.25.15:419][458]LogModuleManager: Shutting down and abandoning module Networking (168)
[2017.06.13-08.25.15:419][458]LogModuleManager: Shutting down and abandoning module Core (164)
[2017.06.13-08.25.15:419][458]LogModuleManager: Shutting down and abandoning module AssetRegistry (162)
[2017.06.13-08.25.15:497][458]LogDirectoryWatcher: A directory notification for '../../../Engine/Content/' was aborted.
[2017.06.13-08.25.15:497][458]LogDirectoryWatcher: A directory notification for '../../../../../../Users/sssam/Documents/Unreal Projects/RB_PT_002/Content/' was aborted.
[2017.06.13-08.25.15:497][458]LogDirectoryWatcher: A directory notification for '../../../Engine/Plugins/2D/Paper2D/Content/' was aborted.
[2017.06.13-08.25.15:497][458]LogDirectoryWatcher: A directory notification for '../../../Engine/Plugins/Runtime/GearVR/Content/' was aborted.
[2017.06.13-08.25.15:501][458]LogModuleManager: Shutting down and abandoning module DirectoryWatcher (161)
[2017.06.13-08.25.15:501][458]LogModuleManager: Shutting down and abandoning module KismetCompiler (158)
[2017.06.13-08.25.15:501][458]LogModuleManager: Shutting down and abandoning module LevelSequence (156)
[2017.06.13-08.25.15:501][458]LogModuleManager: Shutting down and abandoning module PhysXFormats (154)
[2017.06.13-08.25.15:501][458]LogModuleManager: Shutting down and abandoning module MeshUtilities (152)
[2017.06.13-08.25.15:501][458]LogModuleManager: Shutting down and abandoning module SimplygonSwarm (151)
[2017.06.13-08.25.15:501][458]LogModuleManager: Shutting down and abandoning module SimplygonMeshReduction (149)
[2017.06.13-08.25.15:501][458]LogModuleManager: Shutting down and abandoning module QuadricMeshReduction (147)
[2017.06.13-08.25.15:501][458]LogModuleManager: Shutting down and abandoning module DerivedDataCache (144)
[2017.06.13-08.25.15:551][458]LogDerivedDataCache: Shutdown
[2017.06.13-08.25.15:551][458]LogModuleManager: Shutting down and abandoning module TargetPlatform (142)
[2017.06.13-08.25.15:551][458]LogModuleManager: Shutting down and abandoning module VulkanShaderFormat (141)
[2017.06.13-08.25.15:552][458]LogModuleManager: Shutting down and abandoning module ShaderFormatVectorVM (139)
[2017.06.13-08.25.15:552][458]LogModuleManager: Shutting down and abandoning module ShaderFormatOpenGL (137)
[2017.06.13-08.25.15:552][458]LogModuleManager: Shutting down and abandoning module ShaderFormatD3D (135)
[2017.06.13-08.25.15:552][458]LogModuleManager: Shutting down and abandoning module MetalShaderFormat (133)
[2017.06.13-08.25.15:552][458]LogModuleManager: Shutting down and abandoning module TextureFormatUncompressed (131)
[2017.06.13-08.25.15:552][458]LogModuleManager: Shutting down and abandoning module TextureFormatPVR (129)
[2017.06.13-08.25.15:552][458]LogModuleManager: Shutting down and abandoning module TextureFormatDXT (127)
[2017.06.13-08.25.15:552][458]LogModuleManager: Shutting down and abandoning module TextureFormatIntelISPCTexComp (125)
[2017.06.13-08.25.15:552][458]LogModuleManager: Shutting down and abandoning module TextureFormatASTC (123)
[2017.06.13-08.25.15:552][458]LogModuleManager: Shutting down and abandoning module ImageWrapper (122)
[2017.06.13-08.25.15:552][458]LogModuleManager: Shutting down and abandoning module TextureFormatAndroid (119)
[2017.06.13-08.25.15:552][458]LogModuleManager: Shutting down and abandoning module AudioFormatOpus (117)
[2017.06.13-08.25.15:552][458]LogModuleManager: Shutting down and abandoning module AudioFormatOgg (115)
[2017.06.13-08.25.15:552][458]LogModuleManager: Shutting down and abandoning module AudioFormatADPCM (113)
[2017.06.13-08.25.15:552][458]LogModuleManager: Shutting down and abandoning module LinuxTargetPlatform (111)
[2017.06.13-08.25.15:552][458]LogModuleManager: Shutting down and abandoning module LinuxServerTargetPlatform (109)
[2017.06.13-08.25.15:552][458]LogModuleManager: Shutting down and abandoning module LinuxNoEditorTargetPlatform (107)
[2017.06.13-08.25.15:552][458]LogModuleManager: Shutting down and abandoning module LinuxClientTargetPlatform (105)
[2017.06.13-08.25.15:552][458]LogModuleManager: Shutting down and abandoning module TVOSTargetPlatform (103)
[2017.06.13-08.25.15:552][458]LogModuleManager: Shutting down and abandoning module Messaging (101)
[2017.06.13-08.25.15:552][458]LogModuleManager: Shutting down and abandoning module IOSTargetPlatform (99)
[2017.06.13-08.25.15:552][458]LogModuleManager: Shutting down and abandoning module HTML5TargetPlatform (97)
[2017.06.13-08.25.15:552][458]LogModuleManager: Shutting down and abandoning module Android_PVRTCTargetPlatform (95)
[2017.06.13-08.25.15:552][458]LogModuleManager: Shutting down and abandoning module Android_MultiTargetPlatform (93)
[2017.06.13-08.25.15:552][458]LogModuleManager: Shutting down and abandoning module Android_ETC2TargetPlatform (91)
[2017.06.13-08.25.15:552][458]LogModuleManager: Shutting down and abandoning module Android_ETC1TargetPlatform (89)
[2017.06.13-08.25.15:552][458]LogModuleManager: Shutting down and abandoning module Android_DXTTargetPlatform (87)
[2017.06.13-08.25.15:552][458]LogModuleManager: Shutting down and abandoning module Android_ATCTargetPlatform (85)
[2017.06.13-08.25.15:552][458]LogModuleManager: Shutting down and abandoning module Android_ASTCTargetPlatform (83)
[2017.06.13-08.25.15:552][458]LogModuleManager: Shutting down and abandoning module AndroidTargetPlatform (81)
[2017.06.13-08.25.15:552][458]LogModuleManager: Shutting down and abandoning module WindowsTargetPlatform (79)
[2017.06.13-08.25.15:552][458]LogModuleManager: Shutting down and abandoning module WindowsServerTargetPlatform (77)
[2017.06.13-08.25.15:552][458]LogModuleManager: Shutting down and abandoning module WindowsNoEditorTargetPlatform (75)
[2017.06.13-08.25.15:552][458]LogModuleManager: Shutting down and abandoning module WindowsClientTargetPlatform (73)
[2017.06.13-08.25.15:552][458]LogModuleManager: Shutting down and abandoning module MacTargetPlatform (71)
[2017.06.13-08.25.15:552][458]LogModuleManager: Shutting down and abandoning module MacServerTargetPlatform (69)
[2017.06.13-08.25.15:552][458]LogModuleManager: Shutting down and abandoning module MacNoEditorTargetPlatform (67)
[2017.06.13-08.25.15:552][458]LogModuleManager: Shutting down and abandoning module MacClientTargetPlatform (65)
[2017.06.13-08.25.15:552][458]LogModuleManager: Shutting down and abandoning module AllDesktopTargetPlatform (63)
[2017.06.13-08.25.15:552][458]LogModuleManager: Shutting down and abandoning module InputCore (60)
[2017.06.13-08.25.15:552][458]LogModuleManager: Shutting down and abandoning module Settings (58)
[2017.06.13-08.25.15:552][458]LogModuleManager: Shutting down and abandoning module OculusRift (56)
[2017.06.13-08.25.15:552][458]LogModuleManager: Shutting down and abandoning module GearVRController (54)
[2017.06.13-08.25.15:552][458]LogModuleManager: Shutting down and abandoning module GearVR (52)
[2017.06.13-08.25.15:552][458]LogModuleManager: Shutting down and abandoning module ExampleDeviceProfileSelector (50)
[2017.06.13-08.25.15:552][458]LogModuleManager: Shutting down and abandoning module OnlineBlueprintSupport (48)
[2017.06.13-08.25.15:552][458]LogModuleManager: Shutting down and abandoning module OnlineSubsystem (44)
[2017.06.13-08.25.15:552][458]LogOnline:Display: Unloading online subsystem: NULL
[2017.06.13-08.25.15:552][458]LogModuleManager: Shutting down and abandoning module XMPP (43)
[2017.06.13-08.25.15:552][458]LogModuleManager: Shutting down and abandoning module HTTP (41)
[2017.06.13-08.25.15:552][458]LogHttp:Display: Http module shutting down, but needs to wait on 1 outstanding Http requests:
[2017.06.13-08.25.15:552][458]LogHttp:Display: 	verb=[POST] url=[https://datarouter.ol.epicgames.com/datarouter/api/v1/public/data?SessionID=%7BCBF4F717-4957-70FB-68D1-33A7A6AB6235%7D&AppID=UEEditor.Rocket.Release&AppVersion=4.16.1-3466753%2B%2B%2BUE4%2BRelease-4.16&UserID=7f2b7e194e5043dde1269db06a6c21a7%7Cbebc013930214c8380abe10fd81b3834%7Ca52139e7-93a7-4282-813e-9df2e928f849&AppEnvironment=datacollector-binary&UploadType=eteventstream] status=Processing
[2017.06.13-08.25.15:570][458]LogModuleManager: Shutting down and abandoning module SSL (40)
[2017.06.13-08.25.15:571][458]LogModuleManager: Shutting down and abandoning module HTTPChunkInstaller (36)
[2017.06.13-08.25.15:571][458]LogModuleManager: Shutting down and abandoning module AnimationModifiers (34)
[2017.06.13-08.25.15:571][458]LogModuleManager: Shutting down and abandoning module PropertyEditor (33)
[2017.06.13-08.25.15:571][458]LogModuleManager: Shutting down and abandoning module AudioEditor (30)
[2017.06.13-08.25.15:571][458]LogModuleManager: Shutting down and abandoning module TextureCompressor (28)
[2017.06.13-08.25.15:571][458]LogModuleManager: Shutting down and abandoning module ShaderCore (26)
[2017.06.13-08.25.15:571][458]LogModuleManager: Shutting down and abandoning module Landscape (24)
[2017.06.13-08.25.15:571][458]LogModuleManager: Shutting down and abandoning module SlateRHIRenderer (22)
[2017.06.13-08.25.15:572][458]LogModuleManager: Shutting down and abandoning module OpenGLDrv (20)
[2017.06.13-08.25.15:572][458]LogModuleManager: Shutting down and abandoning module D3D11RHI (18)
[2017.06.13-08.25.15:572][458]LogModuleManager: Shutting down and abandoning module AnimGraphRuntime (16)
[2017.06.13-08.25.15:572][458]LogModuleManager: Shutting down and abandoning module Renderer (14)
[2017.06.13-08.25.15:572][458]LogModuleManager: Shutting down and abandoning module Engine (12)
[2017.06.13-08.25.15:572][458]LogModuleManager: Shutting down and abandoning module CoreUObject (10)
[2017.06.13-08.25.15:572][458]LogModuleManager: Shutting down and abandoning module NetworkFile (8)
[2017.06.13-08.25.15:572][458]LogModuleManager: Shutting down and abandoning module StreamingFile (6)
[2017.06.13-08.25.15:572][458]LogModuleManager: Shutting down and abandoning module SandboxFile (4)
[2017.06.13-08.25.15:572][458]LogModuleManager: Shutting down and abandoning module PakFile (2)
[2017.06.13-08.25.15:573][458]LogExit: Exiting.
[2017.06.13-08.25.15:583][458]Log file closed, 06/13/17 09:25:15
