Log file open, 06/13/17 09:25:16
LogInit:Display: Running engine for game: RB_PT_002
LogPlatformFile: Not using cached read wrapper
LogInit:Display: RandInit(1309102947) SRandInit(1309102947).
LogTaskGraph: Started task graph with 5 named threads and 8 total threads with 1 sets of task threads.
LogStats: Stats thread started at 0.099712
LogInit: Using libcurl 7.47.1
LogInit:  - built for x86_64-pc-win32
LogInit:  - supports SSL with OpenSSL/1.0.2g
LogInit:  - supports HTTP deflate (compression) using libz 1.2.8
LogInit:  - other features:
LogInit:      CURL_VERSION_SSL
LogInit:      CURL_VERSION_LIBZ
LogInit:      CURL_VERSION_IPV6
LogInit:      CURL_VERSION_ASYNCHDNS
LogInit:      CURL_VERSION_LARGEFILE
LogInit:      CURL_VERSION_IDN
LogInit:  CurlRequestOptions (configurable via config and command line):
LogInit:  - bVerifyPeer = false  - Libcurl will NOT verify peer certificate
LogInit:  - bUseHttpProxy = false  - Libcurl will NOT use HTTP proxy
LogInit:  - bDontReuseConnections = false  - Libcurl will reuse connections
LogInit:  - CertBundlePath = nullptr  - Libcurl will use whatever was configured at build time.
LogInit: Build: ++UE4+Release-4.16-CL-3466753
LogInit: Engine Version: 4.16.1-3466753+++UE4+Release-4.16
LogInit: Compatible Engine Version: 4.16.0-3452394+++UE4+Release-4.16
LogInit: Net CL: 3452394
LogDevObjectVersion: Number of dev versions registered: 16
LogDevObjectVersion:   Dev-Blueprints (B0D832E4-1F89-4F0D-ACCF-7EB736FD4AA2): 9
LogDevObjectVersion:   Dev-Build (E1C64328-A22C-4D53-A36C-8E866417BD8C): 0
LogDevObjectVersion:   Dev-Core (375EC13C-06E4-48FB-B500-84F0262A717E): 2
LogDevObjectVersion:   Dev-Editor (E4B068ED-F494-42E9-A231-DA0B2E46BB41): 17
LogDevObjectVersion:   Dev-Framework (CFFC743F-43B0-4480-9391-14DF171D2073): 23
LogDevObjectVersion:   Dev-Mobile (B02B49B5-BB20-44E9-A304-32B752E40360): 0
LogDevObjectVersion:   Dev-Networking (A4E4105C-59A1-49B5-A7C5-40C4547EDFEE): 0
LogDevObjectVersion:   Dev-Online (39C831C9-5AE6-47DC-9A44-9C173E1C8E7C): 0
LogDevObjectVersion:   Dev-Physics (78F01B33-EBEA-4F98-B9B4-84EACCB95AA2): 0
LogDevObjectVersion:   Dev-Platform (6631380F-2D4D-43E0-8009-CF276956A95A): 0
LogDevObjectVersion:   Dev-Rendering (12F88B9F-8875-4AFC-A67C-D90C383ABD29): 15
LogDevObjectVersion:   Dev-Sequencer (7B5AE74C-D270-4C10-A958-57980B212A5A): 4
LogDevObjectVersion:   Dev-VR (D7296918-1DD6-4BDD-9DE2-64A83CC13884): 0
LogDevObjectVersion:   Dev-LoadTimes (C2A15278-BFE7-4AFE-6C17-90FF531DF755): 1
LogDevObjectVersion:   Private-Geometry (6EACA3D4-40EC-4CC1-B786-8BED09428FC5): 1
LogDevObjectVersion:   Dev-AnimPhys (29E575DD-E0A3-4627-9D10-D276232CDCEA): 3
LogInit: Compiled (64-bit): May 31 2017 02:03:30
LogInit: Compiled with Visual C++: 19.00.24215.01
LogInit: Build Configuration: Development
LogInit: Branch Name: ++UE4+Release-4.16
LogInit: Command line:  
LogInit: Base directory: C:/Program Files/Epic Games/UE_4.16/Engine/Binaries/Win64/
LogInit: Installed Engine Build: 1
LogInit: Presizing for max 8388607 objects, including 0 objects not considered by GC, pre-allocating 0 bytes for permanent pool.
LogInit: Object subsystem initialized
[2017.06.13-08.25.16:627][  0]LogInit: Selected Device Profile: [Windows]
[2017.06.13-08.25.16:627][  0]LogInit: Applying CVar settings loaded from the selected device profile: [Windows]
[2017.06.13-08.25.16:646][  0]LogInit: Computer: SS-XPS15
[2017.06.13-08.25.16:646][  0]LogInit: User: sssam
[2017.06.13-08.25.16:646][  0]LogInit: CPU Page size=4096, Cores=4
[2017.06.13-08.25.16:646][  0]LogInit: High frequency timer resolution =2.742191 MHz
[2017.06.13-08.25.16:646][  0]LogMemory: Memory total: Physical=7.8GB (8GB approx)
[2017.06.13-08.25.16:646][  0]LogMemory: Platform Memory Stats for Windows
[2017.06.13-08.25.16:646][  0]LogMemory: Process Physical Memory: 272.84 MB used, 272.84 MB peak
[2017.06.13-08.25.16:646][  0]LogMemory: Process Virtual Memory: 260.89 MB used, 260.89 MB peak
[2017.06.13-08.25.16:646][  0]LogMemory: Physical Memory: 5662.02 MB used,  2348.43 MB free, 8010.45 MB total
[2017.06.13-08.25.16:646][  0]LogMemory: Virtual Memory: 638.32 MB used,  2348.43 MB free, 134217728.00 MB total
[2017.06.13-08.25.16:724][  0]LogInit: Using OS detected language (en-US).
[2017.06.13-08.25.16:724][  0]LogInit: Using OS detected locale (en-GB).
[2017.06.13-08.25.16:728][  0]LogTextLocalizationManager: No specific localization for 'en-US' exists, so the 'en' localization will be used.
[2017.06.13-08.25.17:727][  0]LogD3D11RHI: D3D11 adapters:
[2017.06.13-08.25.18:327][  0]LogD3D11RHI:    0. 'NVIDIA GeForce GTX 1050' (Feature Level 11_0)
[2017.06.13-08.25.18:327][  0]LogD3D11RHI:       4053/0/3958 MB DedicatedVideo/DedicatedSystem/SharedSystem, Outputs:1, VendorId:0x10de
[2017.06.13-08.25.18:336][  0]LogD3D11RHI:    1. 'Intel(R) HD Graphics 630' (Feature Level 11_0)
[2017.06.13-08.25.18:336][  0]LogD3D11RHI:       128/0/3958 MB DedicatedVideo/DedicatedSystem/SharedSystem, Outputs:0, VendorId:0x8086
[2017.06.13-08.25.18:338][  0]LogD3D11RHI:    2. 'Microsoft Basic Render Driver' (Feature Level 11_0)
[2017.06.13-08.25.18:338][  0]LogD3D11RHI:       0/0/3958 MB DedicatedVideo/DedicatedSystem/SharedSystem, Outputs:0, VendorId:0x1414
[2017.06.13-08.25.18:338][  0]LogD3D11RHI: Chosen D3D11 Adapter: 0
[2017.06.13-08.25.18:344][  0]LogD3D11RHI: Creating new Direct3DDevice
[2017.06.13-08.25.18:344][  0]LogD3D11RHI:     GPU DeviceId: 0x1c8d (for the marketing name, search the web for "GPU Device Id")
[2017.06.13-08.25.18:344][  0]LogWindows: EnumDisplayDevices:
[2017.06.13-08.25.18:344][  0]LogWindows:    0. 'Intel(R) HD Graphics 630' (P:1 D:1)
[2017.06.13-08.25.18:344][  0]LogWindows:    1. 'Intel(R) HD Graphics 630' (P:0 D:0)
[2017.06.13-08.25.18:344][  0]LogWindows:    2. 'Intel(R) HD Graphics 630' (P:0 D:0)
[2017.06.13-08.25.18:344][  0]LogWindows: DebugString: PrimaryIsNotTheChoosenAdapter PrimaryIsNotTheChoosenAdapter PrimaryIsNotTheChoosenAdapter FoundDriverCount:0 
[2017.06.13-08.25.18:344][  0]LogD3D11RHI:     Adapter Name: NVIDIA GeForce GTX 1050
[2017.06.13-08.25.18:344][  0]LogD3D11RHI:   Driver Version: Unknown (internal:Unknown, unified:Unknown)
[2017.06.13-08.25.18:344][  0]LogD3D11RHI:      Driver Date: Unknown
[2017.06.13-08.25.18:344][  0]LogRHI: Texture pool is 1361 MB (70% of 1945 MB)
[2017.06.13-08.25.18:900][  0]LogD3D11RHI: Async texture creation enabled
[2017.06.13-08.25.18:911][  0]LogD3D11RHI: GPU Timing Frequency: 1000.000000 (Debug: 2 1)
[2017.06.13-08.25.18:912][  0]LogShaderCompilers: Guid format shader working directory is -20 characters bigger than the processId version (../../../../../../Users/sssam/Documents/Unreal Projects/RB_PT_002/Intermediate/Shaders/WorkingDirectory/16484/).
[2017.06.13-08.25.18:912][  0]LogShaderCompilers: Cleaned the shader compiler working directory 'C:/Users/sssam/AppData/Local/Temp/UnrealShaderWorkingDir/9CBA2C64427C6DDACDD23E9E26D82608/'.
[2017.06.13-08.25.18:912][  0]LogShaderCompilers:Display: Using Local Shader Compiler.
[2017.06.13-08.25.19:979][  0]LogTemp:Display: Loaded TP AllDesktopTargetPlatform
[2017.06.13-08.25.20:042][  0]LogTemp:Display: Loaded TP MacClientTargetPlatform
[2017.06.13-08.25.20:104][  0]LogTemp:Display: Loaded TP MacNoEditorTargetPlatform
[2017.06.13-08.25.20:167][  0]LogTemp:Display: Loaded TP MacServerTargetPlatform
[2017.06.13-08.25.20:237][  0]LogTemp:Display: Loaded TP MacTargetPlatform
[2017.06.13-08.25.20:302][  0]LogTemp:Display: Loaded TP WindowsClientTargetPlatform
[2017.06.13-08.25.20:366][  0]LogTemp:Display: Loaded TP WindowsNoEditorTargetPlatform
[2017.06.13-08.25.20:430][  0]LogTemp:Display: Loaded TP WindowsServerTargetPlatform
[2017.06.13-08.25.20:486][  0]LogTemp:Display: Loaded TP WindowsTargetPlatform
[2017.06.13-08.25.20:548][  0]LogTemp:Display: Loaded TP AndroidTargetPlatform
[2017.06.13-08.25.20:603][  0]LogTemp:Display: Loaded TP Android_ASTCTargetPlatform
[2017.06.13-08.25.20:659][  0]LogTemp:Display: Loaded TP Android_ATCTargetPlatform
[2017.06.13-08.25.20:714][  0]LogTemp:Display: Loaded TP Android_DXTTargetPlatform
[2017.06.13-08.25.20:769][  0]LogTemp:Display: Loaded TP Android_ETC1TargetPlatform
[2017.06.13-08.25.20:826][  0]LogTemp:Display: Loaded TP Android_ETC2TargetPlatform
[2017.06.13-08.25.20:939][  0]LogTemp:Display: Loaded TP Android_MultiTargetPlatform
[2017.06.13-08.25.20:939][  0]LogTemp:Display: Loaded TP Android_PVRTCTargetPlatform
[2017.06.13-08.25.20:986][  0]LogTemp:Display: Loaded TP HTML5TargetPlatform
[2017.06.13-08.25.21:098][  0]LogTemp:Display: Loaded TP IOSTargetPlatform
[2017.06.13-08.25.21:141][  0]LogTemp:Display: Loaded TP TVOSTargetPlatform
[2017.06.13-08.25.21:198][  0]LogTemp:Display: Loaded TP LinuxClientTargetPlatform
[2017.06.13-08.25.21:255][  0]LogTemp:Display: Loaded TP LinuxNoEditorTargetPlatform
[2017.06.13-08.25.21:309][  0]LogTemp:Display: Loaded TP LinuxServerTargetPlatform
[2017.06.13-08.25.21:365][  0]LogTemp:Display: Loaded TP LinuxTargetPlatform
[2017.06.13-08.25.21:365][  0]LogTargetPlatformManager:Display: Building Assets For Windows
[2017.06.13-08.25.21:905][  0]LogDerivedDataCache:Display: Max Cache Size: 512 MB
[2017.06.13-08.25.22:003][  0]LogDerivedDataCache: Loaded boot cache 0.10s 93MB C:/Users/sssam/AppData/Local/UnrealEngine/4.16/DerivedDataCache/Boot.ddc.
[2017.06.13-08.25.22:003][  0]LogDerivedDataCache:Display: Loaded Boot cache: C:/Users/sssam/AppData/Local/UnrealEngine/4.16/DerivedDataCache/Boot.ddc
[2017.06.13-08.25.22:003][  0]LogDerivedDataCache: FDerivedDataBackendGraph:  Pak pak cache file ../../../../../../Users/sssam/Documents/Unreal Projects/RB_PT_002/DerivedDataCache/DDC.ddp not found, will not use a pak cache.
[2017.06.13-08.25.22:003][  0]LogDerivedDataCache: Unable to find inner node Pak for hierarchical cache Hierarchy.
[2017.06.13-08.25.22:003][  0]LogDerivedDataCache: FDerivedDataBackendGraph:  CompressedPak pak cache file ../../../../../../Users/sssam/Documents/Unreal Projects/RB_PT_002/DerivedDataCache/Compressed.ddp not found, will not use a pak cache.
[2017.06.13-08.25.22:003][  0]LogDerivedDataCache: Unable to find inner node CompressedPak for hierarchical cache Hierarchy.
[2017.06.13-08.25.22:021][  0]LogDerivedDataCache:Display: Pak cache opened for reading ../../../Engine/DerivedDataCache/Compressed.ddp.
[2017.06.13-08.25.22:034][  0]LogDerivedDataCache: Using Local data cache path C:/Users/sssam/AppData/Local/UnrealEngine/Common/DerivedDataCache: Writable
[2017.06.13-08.25.22:044][  0]LogMaterial: Verifying Global Shaders for PCD3D_SM5
[2017.06.13-08.25.22:044][  0]LogSlate: Using Freetype 2.6.0
[2017.06.13-08.25.22:045][  0]LogSlate: SlateFontCache - WITH_FREETYPE: 1, WITH_HARFBUZZ: 1
[2017.06.13-08.25.22:045][  0]LogSlate: SlateFontCache - WITH_FREETYPE: 1, WITH_HARFBUZZ: 1
[2017.06.13-08.25.22:398][  0]LogInit: Selected Device Profile: [Windows]
[2017.06.13-08.25.22:483][  0]LogContentStreaming: Texture pool size is 0.00 MB
[2017.06.13-08.25.22:652][  0]LogMeshUtilities: Using QuadricMeshReduction for automatic static mesh reduction
[2017.06.13-08.25.22:707][  0]LogSimplygon: Simplygon DLL not present - disabling.
[2017.06.13-08.25.22:765][  0]LogMeshUtilities: Using SimplygonSwarm for distributed automatic mesh merging
[2017.06.13-08.25.22:765][  0]LogMeshUtilities: No automatic skeletal mesh reduction module available
[2017.06.13-08.25.22:765][  0]LogMeshUtilities: No automatic mesh merging module available
[2017.06.13-08.25.23:362][  0]LogNetVersion: RB_PT_002 , NetCL: 3452394, EngineNetVer: 2, GameNetVer: 0 (Checksum: 979969273)
[2017.06.13-08.25.23:423][  0]LogAssetRegistry: FAssetRegistry took 0.0259 seconds to start up
[2017.06.13-08.25.23:504][  0]LogPackageLocalizationCache: Processed 4 localized package path(s) for 2 prioritized culture(s) in 0.059616 seconds
[2017.06.13-08.25.23:510][  0]LogUObjectArray: 34194 objects as part of root set at end of initial load.
[2017.06.13-08.25.23:510][  0]LogUObjectAllocator: 7260416 out of 0 bytes used by permanent object pool.
[2017.06.13-08.25.23:510][  0]LogUObjectArray: CloseDisregardForGC: 0/0 objects in disregard for GC pool
[2017.06.13-08.25.23:579][  0]LogInit: WinSock: version 1.1 (2.2), MaxSocks=32767, MaxUdp=65467
[2017.06.13-08.25.26:286][  0]LogTcpMessaging: Initializing TcpMessaging bridge
[2017.06.13-08.25.26:329][  0]LogUdpMessaging: Initializing bridge on interface 0.0.0.0:0 to multicast group 230.0.0.1:6666.
[2017.06.13-08.25.27:423][  0]LogMaterial: Uniform references updated for custom material expression Custom.
[2017.06.13-08.25.27:928][  0]SourceControl: Info Source control is disabled
[2017.06.13-08.25.29:508][  0]LogAndroidPermission: UAndroidPermissionCallbackProxy::GetInstance
[2017.06.13-08.25.30:207][  0]LogEngine: Initializing Engine...
[2017.06.13-08.25.30:208][  0]LogHMD: Failed to initialize OpenVR with code 100
[2017.06.13-08.25.30:451][  0]LogStats: UGameplayTagsManager::ConstructGameplayTagTree: Construct from data asset -  0.000 s
[2017.06.13-08.25.30:451][  0]LogStats: UGameplayTagsManager::ConstructGameplayTagTree: GameplayTagTreeChangedEvent.Broadcast -  0.000 s
[2017.06.13-08.25.30:598][  0]LogAIModule: Creating AISystem for world Untitled
[2017.06.13-08.25.30:609][  0]LogInit: XAudio2 using 'Speakers / Headphones (Realtek Audio)' : 2 channels at 48 kHz using 32 bits per sample (channel mask 0x3)
[2017.06.13-08.25.31:235][  0]LogInit: FAudioDevice initialized.
[2017.06.13-08.25.31:308][  0]LogDerivedDataCache: Saved boot cache 0.07s 93MB C:/Users/sssam/AppData/Local/UnrealEngine/4.16/DerivedDataCache/Boot.ddc.
[2017.06.13-08.25.31:324][  0]LogInit: Texture streaming: Enabled
[2017.06.13-08.25.31:441][  0]LogEngineSessionManager: EngineSessionManager initialized
[2017.06.13-08.25.31:698][  0]LogInit: Transaction tracking system initialized
[2017.06.13-08.25.32:063][  0]BlueprintLog: New page: Editor Load
[2017.06.13-08.25.33:199][  0]LocalizationService: Info Localization service is disabled
[2017.06.13-08.25.33:986][  0]LogConsoleResponse:Display: 
[2017.06.13-08.25.34:153][  0]LogCook:Display: Max memory allowance for cook 16384mb min free memory 0mb
[2017.06.13-08.25.34:153][  0]LogCook:Display: Mobile HDR setting 1
[2017.06.13-08.25.35:290][  0]LogFileCache: Scanning file cache for directory 'C:/Users/sssam/Documents/Unreal Projects/RB_PT_002/Content/' took 0.02s
[2017.06.13-08.25.35:538][  0]Cmd: MAP LOAD FILE="../../../../../../Users/sssam/Documents/Unreal Projects/RB_PT_002/Content/ThirdPersonCPP/Maps/ThirdPersonExampleMap.umap" TEMPLATE=0 SHOWPROGRESS=1 FEATURELEVEL=3
[2017.06.13-08.25.35:538][  0]LightingResults: New page: Lighting Build
[2017.06.13-08.25.35:590][  0]MapCheck: New page: Map Check
[2017.06.13-08.25.35:590][  0]LightingResults: New page: Lighting Build
[2017.06.13-08.25.35:607][  0]LogLinker:Warning: Unable to load package (../../../../../../Users/sssam/Documents/Unreal Projects/RB_PT_002/Content/ThirdPersonCPP/Maps/ThirdPersonExampleMap.umap). Post Tag is not valid. File might be corrupted.
[2017.06.13-08.25.35:615][  0]LogWindowsTextInputMethodSystem:Display: IME system now deactivated.
[2017.06.13-08.25.35:621][  0]LogSlate: Took 0.000454 seconds to synchronously load lazily loaded font '../../../Engine/Content/Slate/Fonts/Roboto-Regular.ttf' (155K)
[2017.06.13-08.25.40:159][  0]LogWindowsTextInputMethodSystem:Display: IME system now deactivated.
[2017.06.13-08.25.40:164][  0]LogWindowsTextInputMethodSystem:Display: IME system now deactivated.
[2017.06.13-08.25.40:166][  0]LightingResults: New page: Lighting Build
[2017.06.13-08.25.40:167][  0]LogAIModule: Creating AISystem for world Untitled
[2017.06.13-08.25.40:169][  0]LoadErrors: New page: New Map
[2017.06.13-08.25.40:339][  0]LogCollectionManager: Loaded 0 collections in 0.002794 seconds
[2017.06.13-08.25.40:428][  0]LogFileCache: Scanning file cache for directory 'C:/Users/sssam/Documents/Unreal Projects/RB_PT_002/Saved/Collections/' took 0.01s
[2017.06.13-08.25.40:428][  0]LogFileCache: Scanning file cache for directory 'C:/Users/sssam/Documents/Unreal Projects/RB_PT_002/Content/Developers/sssam/Collections/' took 0.01s
[2017.06.13-08.25.40:428][  0]LogFileCache: Scanning file cache for directory 'C:/Users/sssam/Documents/Unreal Projects/RB_PT_002/Content/Collections/' took 0.01s
[2017.06.13-08.25.40:428][  0]LogCollectionManager: Rebuilt the GUID cache for 0 collections in 0.000001 seconds
[2017.06.13-08.25.40:438][  0]LogContentBrowser: Native class hierarchy populated in 0.0099 seconds. Added 2331 classes and 493 folders.
[2017.06.13-08.25.40:512][  0]LogContentBrowser: Native class hierarchy updated for 'WidgetCarousel' in 0.0020 seconds. Added 0 classes and 0 folders.
[2017.06.13-08.25.40:562][  0]LogContentBrowser: Native class hierarchy updated for 'AddContentDialog' in 0.0017 seconds. Added 0 classes and 0 folders.
[2017.06.13-08.25.40:617][  0]LogContentBrowser: Native class hierarchy updated for 'SceneOutliner' in 0.0019 seconds. Added 1 classes and 2 folders.
[2017.06.13-08.25.40:655][  0]LogCrashTracker: Crashtracker disabled due to settings.
[2017.06.13-08.25.40:661][  0]LogSlate: Took 0.000404 seconds to synchronously load lazily loaded font '../../../Engine/Content/Slate/Fonts/Roboto-Bold.ttf' (160K)
[2017.06.13-08.25.40:665][  0]LogSlate: Took 0.000283 seconds to synchronously load lazily loaded font '../../../Engine/Content/Editor/Slate/Fonts/FontAwesome.ttf' (139K)
[2017.06.13-08.25.40:773][  0]LogRenderer: Reallocating scene render targets to support 1208x580 NumSamples 1 (Frame:1).
[2017.06.13-08.25.40:855][  0]LogUObjectGlobals:Warning: Failed to find object 'Class None.'
[2017.06.13-08.25.40:930][  0]LogContentBrowser: Native class hierarchy updated for 'HierarchicalLODOutliner' in 0.0016 seconds. Added 1 classes and 2 folders.
[2017.06.13-08.25.40:930][  0]LogLoad: (Engine Initialization) Total time: 26.50 seconds
[2017.06.13-08.25.40:930][  0]LogLoad: (Engine Initialization) Total Blueprint compile time: 0.12 seconds
[2017.06.13-08.25.40:930][  0]LogExternalProfiler: No external profilers were discovered.  External profiling features will not be available.
[2017.06.13-08.25.40:940][  0]LogOcInput: OculusInput pre-init called
[2017.06.13-08.25.40:940][  0]LogHMD: Starting GearVRController plugin
[2017.06.13-08.25.40:956][  0]LogAssetRegistry: Asset discovery search completed in 17.5551 seconds
[2017.06.13-08.25.40:958][  0]LogCollectionManager: Rebuilt the object cache for 0 collections in 0.000000 seconds (found 0 objects)
[2017.06.13-08.25.40:958][  0]LogCollectionManager: Fixed up redirectors for 0 collections in 0.000025 seconds (updated 0 objects)
[2017.06.13-08.25.40:958][  0]SourceControl: Info On branch master
[2017.06.13-08.25.40:958][  0]SourceControl: Info Changes not staged for commit:
[2017.06.13-08.25.40:958][  0]SourceControl: Info   (use "git add <file>..." to update what will be committed)
[2017.06.13-08.25.40:958][  0]SourceControl: Info   (use "git checkout -- <file>..." to discard changes in working directory)
[2017.06.13-08.25.40:958][  0]SourceControl: Info 	modified:   Content/ThirdPersonCPP/Blueprints/M_Projectile.uasset
[2017.06.13-08.25.40:958][  0]SourceControl: Info 	modified:   Content/ThirdPersonCPP/Blueprints/Projectile.uasset
[2017.06.13-08.25.40:958][  0]SourceControl: Info 	modified:   Content/ThirdPersonCPP/Blueprints/ThirdPersonCharacter.uasset
[2017.06.13-08.25.40:958][  0]SourceControl: Info 	modified:   Content/ThirdPersonCPP/Blueprints/basicHud.uasset
[2017.06.13-08.25.40:958][  0]SourceControl: Info 	modified:   Content/ThirdPersonCPP/Maps/ThirdPersonExampleMap.umap
[2017.06.13-08.25.40:958][  0]SourceControl: Info no changes added to commit (use "git add" and/or "git commit -a")
[2017.06.13-08.25.40:958][  0]LogContentStreaming: Texture pool size now 1000 MB
[2017.06.13-08.25.40:977][  0]LogSlate: Took 0.000271 seconds to synchronously load lazily loaded font '../../../Engine/Content/Slate/Fonts/Roboto-Light.ttf' (159K)
[2017.06.13-08.25.43:449][286]LogSlate: Took 0.000212 seconds to synchronously load lazily loaded font '../../../Engine/Content/Slate/Fonts/Roboto-Light.ttf' (159K)
[2017.06.13-08.25.43:459][286]LogLinker:Warning: Unable to load package (../../../../../../Users/sssam/Documents/Unreal Projects/RB_PT_002/Content/ThirdPersonCPP/Maps/ThirdPersonExampleMap.umap). Post Tag is not valid. File might be corrupted.
[2017.06.13-08.25.43:462][286]LogUObjectGlobals:Warning: Failed to find object 'Object /Game/ThirdPersonCPP/Maps/ThirdPersonExampleMap.ThirdPersonExampleMap'
[2017.06.13-08.25.46:103][601]LogLinker:Warning: Unable to load package (../../../../../../Users/sssam/Documents/Unreal Projects/RB_PT_002/Content/ThirdPersonCPP/Maps/ThirdPersonExampleMap.umap). Post Tag is not valid. File might be corrupted.
[2017.06.13-08.25.47:158][726]LogLinker:Warning: Unable to load package (../../../../../../Users/sssam/Documents/Unreal Projects/RB_PT_002/Content/ThirdPersonCPP/Maps/ThirdPersonExampleMap.umap). Post Tag is not valid. File might be corrupted.
[2017.06.13-08.26.03:026][563]LogContentBrowser: Native class hierarchy updated for 'BlueprintGraph' in 0.0026 seconds. Added 112 classes and 0 folders.
[2017.06.13-08.26.03:632][563]LogSlate: Took 0.000241 seconds to synchronously load lazily loaded font '../../../Engine/Content/Slate/Fonts/Roboto-Regular.ttf' (155K)
[2017.06.13-08.26.03:731][563]LogSlate: Took 0.005717 seconds to synchronously load lazily loaded font '../../../Engine/Content/Editor/Slate/Fonts/Roboto-BoldCondensed.ttf' (158K)
[2017.06.13-08.26.03:912][564]LogSlate: Took 0.006547 seconds to synchronously load lazily loaded font '../../../Engine/Content/Editor/Slate/Fonts/Roboto-Italic.ttf' (157K)
[2017.06.13-08.26.09:086][ 66]LogTemp: Repeting last play command: Selected Viewport
[2017.06.13-08.26.09:124][ 66]LogPlayLevel: PlayLevel: No blueprints needed recompiling
[2017.06.13-08.26.09:125][ 66]PIE: New page: PIE session: Untitled_1 (13 Jun 2017 10:26:09)
[2017.06.13-08.26.09:125][ 66]LogPlayLevel: Creating play world package: /Temp/UEDPIE_0_Untitled_1
[2017.06.13-08.26.09:126][ 66]LogPlayLevel: PIE: StaticDuplicateObject took: (0.000861s)
[2017.06.13-08.26.09:126][ 66]LogAIModule: Creating AISystem for world Untitled
[2017.06.13-08.26.09:126][ 66]LogPlayLevel: PIE: World Init took: (0.000791s)
[2017.06.13-08.26.09:127][ 66]LogPlayLevel: PIE: Created PIE world by copying editor world from /Temp/Untitled_1.Untitled to /Temp/UEDPIE_0_Untitled_1.Untitled (0.001848s)
[2017.06.13-08.26.09:150][ 66]LogInit: XAudio2 using 'Speakers / Headphones (Realtek Audio)' : 2 channels at 48 kHz using 32 bits per sample (channel mask 0x3)
[2017.06.13-08.26.09:159][ 66]LogInit: FAudioDevice initialized.
[2017.06.13-08.26.09:210][ 66]LogLoad: Game class is 'RB_PT_002GameMode'
[2017.06.13-08.26.09:212][ 66]LogWorld: Bringing World /Temp/UEDPIE_0_Untitled_1.Untitled up for play (max tick rate 0) at 2017.06.13-09.26.09
[2017.06.13-08.26.09:212][ 66]LogWorld: Bringing up level for play took: 0.000886
[2017.06.13-08.26.09:213][ 66]LogGameMode: FindPlayerStart: PATHS NOT DEFINED or NO PLAYERSTART with positive rating
[2017.06.13-08.26.09:263][ 66]LogContentBrowser: Native class hierarchy updated for 'MovieSceneCapture' in 0.0017 seconds. Added 11 classes and 0 folders.
[2017.06.13-08.26.09:267][ 66]PIE: Info Play in editor start time for /Temp/UEDPIE_0_Untitled_1 0.172
[2017.06.13-08.26.09:297][ 66]LogRenderer: Reallocating scene render targets to support 1292x756 NumSamples 1 (Frame:1).
[2017.06.13-08.26.19:963][268]LogLinker:Warning: Unable to load package (../../../../../../Users/sssam/Documents/Unreal Projects/RB_PT_002/Content/ThirdPersonCPP/Maps/ThirdPersonExampleMap.umap). Post Tag is not valid. File might be corrupted.
[2017.06.13-08.26.19:964][268]LogLinker:Warning: Unable to load package (../../../../../../Users/sssam/Documents/Unreal Projects/RB_PT_002/Content/ThirdPersonCPP/Maps/ThirdPersonExampleMap.umap). Post Tag is not valid. File might be corrupted.
[2017.06.13-08.26.21:190][412]LogLinker:Warning: Unable to load package (../../../../../../Users/sssam/Documents/Unreal Projects/RB_PT_002/Content/ThirdPersonCPP/Maps/ThirdPersonExampleMap.umap). Post Tag is not valid. File might be corrupted.
[2017.06.13-08.26.21:583][454]LogLinker:Warning: Unable to load package (../../../../../../Users/sssam/Documents/Unreal Projects/RB_PT_002/Content/ThirdPersonCPP/Maps/ThirdPersonExampleMap.umap). Post Tag is not valid. File might be corrupted.
[2017.06.13-08.26.22:011][503]LogLinker:Warning: Unable to load package (../../../../../../Users/sssam/Documents/Unreal Projects/RB_PT_002/Content/ThirdPersonCPP/Maps/ThirdPersonExampleMap.umap). Post Tag is not valid. File might be corrupted.
[2017.06.13-08.26.22:406][547]LogLinker:Warning: Unable to load package (../../../../../../Users/sssam/Documents/Unreal Projects/RB_PT_002/Content/ThirdPersonCPP/Maps/ThirdPersonExampleMap.umap). Post Tag is not valid. File might be corrupted.
[2017.06.13-08.26.24:940][835]LogLinker:Warning: Unable to load package (../../../../../../Users/sssam/Documents/Unreal Projects/RB_PT_002/Content/ThirdPersonCPP/Maps/ThirdPersonExampleMap.umap). Post Tag is not valid. File might be corrupted.
[2017.06.13-08.26.25:298][877]LogLinker:Warning: Unable to load package (../../../../../../Users/sssam/Documents/Unreal Projects/RB_PT_002/Content/ThirdPersonCPP/Maps/ThirdPersonExampleMap.umap). Post Tag is not valid. File might be corrupted.
[2017.06.13-08.26.25:674][920]LogLinker:Warning: Unable to load package (../../../../../../Users/sssam/Documents/Unreal Projects/RB_PT_002/Content/ThirdPersonCPP/Maps/ThirdPersonExampleMap.umap). Post Tag is not valid. File might be corrupted.
[2017.06.13-08.26.26:060][965]LogLinker:Warning: Unable to load package (../../../../../../Users/sssam/Documents/Unreal Projects/RB_PT_002/Content/ThirdPersonCPP/Maps/ThirdPersonExampleMap.umap). Post Tag is not valid. File might be corrupted.
[2017.06.13-08.26.26:453][ 11]LogLinker:Warning: Unable to load package (../../../../../../Users/sssam/Documents/Unreal Projects/RB_PT_002/Content/ThirdPersonCPP/Maps/ThirdPersonExampleMap.umap). Post Tag is not valid. File might be corrupted.
[2017.06.13-08.26.26:865][ 59]LogLinker:Warning: Unable to load package (../../../../../../Users/sssam/Documents/Unreal Projects/RB_PT_002/Content/ThirdPersonCPP/Maps/ThirdPersonExampleMap.umap). Post Tag is not valid. File might be corrupted.
[2017.06.13-08.26.27:260][104]LogLinker:Warning: Unable to load package (../../../../../../Users/sssam/Documents/Unreal Projects/RB_PT_002/Content/ThirdPersonCPP/Maps/ThirdPersonExampleMap.umap). Post Tag is not valid. File might be corrupted.
[2017.06.13-08.26.27:677][153]LogLinker:Warning: Unable to load package (../../../../../../Users/sssam/Documents/Unreal Projects/RB_PT_002/Content/ThirdPersonCPP/Maps/ThirdPersonExampleMap.umap). Post Tag is not valid. File might be corrupted.
[2017.06.13-08.26.28:084][201]LogLinker:Warning: Unable to load package (../../../../../../Users/sssam/Documents/Unreal Projects/RB_PT_002/Content/ThirdPersonCPP/Maps/ThirdPersonExampleMap.umap). Post Tag is not valid. File might be corrupted.
[2017.06.13-08.26.28:784][283]LogLinker:Warning: Unable to load package (../../../../../../Users/sssam/Documents/Unreal Projects/RB_PT_002/Content/ThirdPersonCPP/Maps/ThirdPersonExampleMap.umap). Post Tag is not valid. File might be corrupted.
[2017.06.13-08.26.29:226][332]LogLinker:Warning: Unable to load package (../../../../../../Users/sssam/Documents/Unreal Projects/RB_PT_002/Content/ThirdPersonCPP/Maps/ThirdPersonExampleMap.umap). Post Tag is not valid. File might be corrupted.
[2017.06.13-08.26.29:615][376]LogLinker:Warning: Unable to load package (../../../../../../Users/sssam/Documents/Unreal Projects/RB_PT_002/Content/ThirdPersonCPP/Maps/ThirdPersonExampleMap.umap). Post Tag is not valid. File might be corrupted.
[2017.06.13-08.33.58:262][666]LogLinker:Warning: Unable to load package (../../../../../../Users/sssam/Documents/Unreal Projects/RB_PT_002/Content/ThirdPersonCPP/Maps/ThirdPersonExampleMap.umap). Post Tag is not valid. File might be corrupted.
[2017.06.13-08.33.58:921][666]LogSavePackage: Save=131.76ms
[2017.06.13-08.33.58:921][666]LogSavePackage: Moving '../../../../../../Users/sssam/Documents/Unreal Projects/RB_PT_002/Saved/ThirdPersonExampleMap_BuiltData_26E0DF2474F24680A60B8B2B9836F5FC6.tmp' to '../../../../../../Users/sssam/Documents/Unreal Projects/RB_PT_002/Content/ThirdPersonCPP/Maps/ThirdPersonExampleMap_BuiltData_2.uasset'
[2017.06.13-08.33.58:926][666]LogSavePackage:Display: Finished SavePackage ../../../../../../Users/sssam/Documents/Unreal Projects/RB_PT_002/Content/ThirdPersonCPP/Maps/ThirdPersonExampleMap_BuiltData_2.uasset
[2017.06.13-08.34.13:120][664]LogLinker:Warning: Unable to load package (../../../../../../Users/sssam/Documents/Unreal Projects/RB_PT_002/Content/ThirdPersonCPP/Maps/ThirdPersonExampleMap.umap). Post Tag is not valid. File might be corrupted.
[2017.06.13-08.34.15:069][898]LogLinker:Warning: Unable to load package (../../../../../../Users/sssam/Documents/Unreal Projects/RB_PT_002/Content/ThirdPersonCPP/Maps/ThirdPersonExampleMap.umap). Post Tag is not valid. File might be corrupted.
[2017.06.13-08.34.17:663][204]LogLinker:Warning: Unable to load package (../../../../../../Users/sssam/Documents/Unreal Projects/RB_PT_002/Content/ThirdPersonCPP/Maps/ThirdPersonExampleMap.umap). Post Tag is not valid. File might be corrupted.
[2017.06.13-08.34.20:546][546]LogLinker:Warning: Unable to load package (../../../../../../Users/sssam/Documents/Unreal Projects/RB_PT_002/Content/ThirdPersonCPP/Maps/ThirdPersonExampleMap.umap). Post Tag is not valid. File might be corrupted.
[2017.06.13-08.34.22:049][717]LogLinker:Warning: Unable to load package (../../../../../../Users/sssam/Documents/Unreal Projects/RB_PT_002/Content/ThirdPersonCPP/Maps/ThirdPersonExampleMap.umap). Post Tag is not valid. File might be corrupted.
[2017.06.13-08.34.22:713][795]LogLinker:Warning: Unable to load package (../../../../../../Users/sssam/Documents/Unreal Projects/RB_PT_002/Content/ThirdPersonCPP/Maps/ThirdPersonExampleMap.umap). Post Tag is not valid. File might be corrupted.
[2017.06.13-08.34.23:025][828]LogLinker:Warning: Unable to load package (../../../../../../Users/sssam/Documents/Unreal Projects/RB_PT_002/Content/ThirdPersonCPP/Maps/ThirdPersonExampleMap.umap). Post Tag is not valid. File might be corrupted.
[2017.06.13-08.34.23:168][845]LogLinker:Warning: Unable to load package (../../../../../../Users/sssam/Documents/Unreal Projects/RB_PT_002/Content/ThirdPersonCPP/Maps/ThirdPersonExampleMap.umap). Post Tag is not valid. File might be corrupted.
[2017.06.13-08.34.23:344][866]LogLinker:Warning: Unable to load package (../../../../../../Users/sssam/Documents/Unreal Projects/RB_PT_002/Content/ThirdPersonCPP/Maps/ThirdPersonExampleMap.umap). Post Tag is not valid. File might be corrupted.
[2017.06.13-08.34.23:505][884]LogLinker:Warning: Unable to load package (../../../../../../Users/sssam/Documents/Unreal Projects/RB_PT_002/Content/ThirdPersonCPP/Maps/ThirdPersonExampleMap.umap). Post Tag is not valid. File might be corrupted.
[2017.06.13-08.34.43:460][454]LogLinker:Warning: Unable to load package (../../../../../../Users/sssam/Documents/Unreal Projects/RB_PT_002/Content/ThirdPersonCPP/Maps/ThirdPersonExampleMap.umap). Post Tag is not valid. File might be corrupted.
[2017.06.13-08.34.43:934][454]LogSavePackage: Save=126.93ms
[2017.06.13-08.34.43:934][454]LogSavePackage: Moving '../../../../../../Users/sssam/Documents/Unreal Projects/RB_PT_002/Saved/ThirdPersonExampleMap_BuiltData0F0F7C264D90D4EC3791F1A4E62F7A75.tmp' to '../../../../../../Users/sssam/Documents/Unreal Projects/RB_PT_002/Content/ThirdPersonCPP/Maps/NewFolder/ThirdPersonExampleMap_BuiltData.uasset'
[2017.06.13-08.34.43:939][454]LogSavePackage:Display: Finished SavePackage ../../../../../../Users/sssam/Documents/Unreal Projects/RB_PT_002/Content/ThirdPersonCPP/Maps/NewFolder/ThirdPersonExampleMap_BuiltData.uasset
[2017.06.13-08.34.51:872][836]LogLinker:Warning: Unable to load package (../../../../../../Users/sssam/Documents/Unreal Projects/RB_PT_002/Content/ThirdPersonCPP/Maps/ThirdPersonExampleMap.umap). Post Tag is not valid. File might be corrupted.
[2017.06.13-08.35.33:451][775]Cmd: QUIT_EDITOR
[2017.06.13-08.35.33:998][775]LogWindowsTextInputMethodSystem:Display: IME system now deactivated.
[2017.06.13-08.35.34:020][775]LogExit: Preparing to exit.
[2017.06.13-08.35.34:947][775]LogActorComponent: UnregisterComponent: (None.None) Not registered. Aborting.
[2017.06.13-08.35.34:947][775]LogActorComponent: UnregisterComponent: (None.None) Not registered. Aborting.
[2017.06.13-08.35.34:947][775]LogActorComponent: UnregisterComponent: (None.None) Not registered. Aborting.
[2017.06.13-08.35.34:947][775]LogActorComponent: UnregisterComponent: (None.None) Not registered. Aborting.
[2017.06.13-08.35.34:947][775]LogActorComponent: UnregisterComponent: (None.None) Not registered. Aborting.
[2017.06.13-08.35.34:947][775]LogActorComponent: UnregisterComponent: (None.None) Not registered. Aborting.
[2017.06.13-08.35.34:949][775]LogActorComponent: UnregisterComponent: (None.None) Not registered. Aborting.
[2017.06.13-08.35.34:949][775]LogActorComponent: UnregisterComponent: (None.None) Not registered. Aborting.
[2017.06.13-08.35.34:949][775]LogActorComponent: UnregisterComponent: (None.None) Not registered. Aborting.
[2017.06.13-08.35.34:949][775]LogActorComponent: UnregisterComponent: (None.None) Not registered. Aborting.
[2017.06.13-08.35.34:949][775]LogActorComponent: UnregisterComponent: (None.None) Not registered. Aborting.
[2017.06.13-08.35.34:949][775]LogActorComponent: UnregisterComponent: (None.None) Not registered. Aborting.
[2017.06.13-08.35.34:950][775]LogActorComponent: UnregisterComponent: (None.None) Not registered. Aborting.
[2017.06.13-08.35.34:950][775]LogActorComponent: UnregisterComponent: (None.None) Not registered. Aborting.
[2017.06.13-08.35.34:950][775]LogActorComponent: UnregisterComponent: (None.None) Not registered. Aborting.
[2017.06.13-08.35.34:950][775]LogActorComponent: UnregisterComponent: (None.None) Not registered. Aborting.
[2017.06.13-08.35.34:950][775]LogActorComponent: UnregisterComponent: (None.None) Not registered. Aborting.
[2017.06.13-08.35.34:950][775]LogActorComponent: UnregisterComponent: (None.None) Not registered. Aborting.
[2017.06.13-08.35.34:975][775]LogDirectoryWatcher: A directory notification for 'C:/Users/sssam/Documents/Unreal Projects/RB_PT_002/Content/' was aborted.
[2017.06.13-08.35.35:137][775]LogExit: Editor shut down
[2017.06.13-08.35.35:192][775]LogExit: Transaction tracking system shut down
[2017.06.13-08.35.35:435][775]LogObj: Freed 0b from 0 cluster array pools.
[2017.06.13-08.35.35:436][775]LogExit: Object subsystem successfully closed.
[2017.06.13-08.35.35:470][775]LogD3D11RHI: Shutdown
[2017.06.13-08.35.35:470][775]LogD3D11RHI: CleanupD3DDevice
[2017.06.13-08.35.35:570][775]LogD3D11RHI: ~FD3D11DynamicRHI
[2017.06.13-08.35.35:608][775]LogModuleManager: Shutting down and abandoning module MovieSceneCapture (532)
[2017.06.13-08.35.35:608][775]LogModuleManager: Shutting down and abandoning module BlueprintGraph (530)
[2017.06.13-08.35.35:608][775]LogModuleManager: Shutting down and abandoning module BlueprintProfiler (528)
[2017.06.13-08.35.35:609][775]LogModuleManager: Shutting down and abandoning module HierarchicalLODOutliner (526)
[2017.06.13-08.35.35:609][775]LogModuleManager: Shutting down and abandoning module CrashTracker (524)
[2017.06.13-08.35.35:609][775]LogModuleManager: Shutting down and abandoning module SceneOutliner (522)
[2017.06.13-08.35.35:609][775]LogModuleManager: Shutting down and abandoning module AddContentDialog (520)
[2017.06.13-08.35.35:609][775]LogDirectoryWatcher: A directory notification for 'C:/Program Files/Epic Games/UE_4.16/FeaturePacks/' was aborted.
[2017.06.13-08.35.35:617][775]LogModuleManager: Shutting down and abandoning module WidgetCarousel (519)
[2017.06.13-08.35.35:617][775]LogModuleManager: Shutting down and abandoning module EditorWidgets (516)
[2017.06.13-08.35.35:617][775]LogModuleManager: Shutting down and abandoning module CollectionManager (514)
[2017.06.13-08.35.35:617][775]LogDirectoryWatcher: A directory notification for 'C:/Users/sssam/Documents/Unreal Projects/RB_PT_002/Content/Collections/' was aborted.
[2017.06.13-08.35.35:617][775]LogDirectoryWatcher: A directory notification for 'C:/Users/sssam/Documents/Unreal Projects/RB_PT_002/Content/Developers/sssam/Collections/' was aborted.
[2017.06.13-08.35.35:617][775]LogDirectoryWatcher: A directory notification for 'C:/Users/sssam/Documents/Unreal Projects/RB_PT_002/Saved/Collections/' was aborted.
[2017.06.13-08.35.35:617][775]LogModuleManager: Shutting down and abandoning module StatsViewer (512)
[2017.06.13-08.35.35:618][775]LogModuleManager: Shutting down and abandoning module FoliageEdit (510)
[2017.06.13-08.35.35:618][775]LogModuleManager: Shutting down and abandoning module LandscapeEditor (508)
[2017.06.13-08.35.35:618][775]LogModuleManager: Shutting down and abandoning module MeshPaintMode (506)
[2017.06.13-08.35.35:618][775]LogModuleManager: Shutting down and abandoning module SceneDepthPickerMode (504)
[2017.06.13-08.35.35:618][775]LogModuleManager: Shutting down and abandoning module ActorPickerMode (502)
[2017.06.13-08.35.35:618][775]LogModuleManager: Shutting down and abandoning module GeometryMode (500)
[2017.06.13-08.35.35:618][775]LogModuleManager: Shutting down and abandoning module TextureAlignMode (498)
[2017.06.13-08.35.35:618][775]LogModuleManager: Shutting down and abandoning module BspMode (496)
[2017.06.13-08.35.35:618][775]LogModuleManager: Shutting down and abandoning module HardwareSurvey (494)
[2017.06.13-08.35.35:618][775]LogModuleManager: Shutting down and abandoning module SequenceRecorderSections (492)
[2017.06.13-08.35.35:618][775]LogModuleManager: Shutting down and abandoning module AutomationWorker (490)
[2017.06.13-08.35.35:618][775]LogModuleManager: Shutting down and abandoning module MatineeToLevelSequence (488)
[2017.06.13-08.35.35:618][775]LogModuleManager: Shutting down and abandoning module LevelSequenceEditor (486)
[2017.06.13-08.35.35:618][775]LogModuleManager: Shutting down and abandoning module PlacementMode (485)
[2017.06.13-08.35.35:618][775]LogModuleManager: Shutting down and abandoning module WmfMediaFactory (482)
[2017.06.13-08.35.35:618][775]LogModuleManager: Shutting down and abandoning module WmfMediaEditor (480)
[2017.06.13-08.35.35:618][775]LogModuleManager: Shutting down and abandoning module AvfMediaFactory (478)
[2017.06.13-08.35.35:618][775]LogModuleManager: Shutting down and abandoning module AvfMediaEditor (476)
[2017.06.13-08.35.35:618][775]LogModuleManager: Shutting down and abandoning module AndroidMediaFactory (474)
[2017.06.13-08.35.35:618][775]LogModuleManager: Shutting down and abandoning module Media (473)
[2017.06.13-08.35.35:618][775]LogModuleManager: Shutting down and abandoning module AndroidMediaEditor (470)
[2017.06.13-08.35.35:618][775]LogModuleManager: Shutting down and abandoning module CharacterAI (468)
[2017.06.13-08.35.35:618][775]LogModuleManager: Shutting down and abandoning module AudioCapture (466)
[2017.06.13-08.35.35:618][775]LogModuleManager: Shutting down and abandoning module SequenceRecorder (465)
[2017.06.13-08.35.35:618][775]LogModuleManager: Shutting down and abandoning module SmartSnapping (462)
[2017.06.13-08.35.35:618][775]LogModuleManager: Shutting down and abandoning module SessionServices (460)
[2017.06.13-08.35.35:618][775]LogModuleManager: Shutting down and abandoning module ViewportSnapping (458)
[2017.06.13-08.35.35:618][775]LogModuleManager: Shutting down and abandoning module ViewportInteraction (456)
[2017.06.13-08.35.35:618][775]LogModuleManager: Shutting down and abandoning module ClothPainter (454)
[2017.06.13-08.35.35:618][775]LogModuleManager: Shutting down and abandoning module LogVisualizer (452)
[2017.06.13-08.35.35:618][775]LogModuleManager: Shutting down and abandoning module IntroTutorials (450)
[2017.06.13-08.35.35:618][775]LogModuleManager: Shutting down and abandoning module GameProjectGeneration (449)
[2017.06.13-08.35.35:618][775]LogModuleManager: Shutting down and abandoning module EditorLiveStreaming (446)
[2017.06.13-08.35.35:618][775]LogModuleManager: Shutting down and abandoning module IOSPlatformEditor (444)
[2017.06.13-08.35.35:618][775]LogModuleManager: Shutting down and abandoning module HTML5PlatformEditor (442)
[2017.06.13-08.35.35:618][775]LogModuleManager: Shutting down and abandoning module AndroidPlatformEditor (440)
[2017.06.13-08.35.35:618][775]LogModuleManager: Shutting down and abandoning module AndroidDeviceDetection (439)
[2017.06.13-08.35.35:822][775]LogModuleManager: Shutting down and abandoning module IOSRuntimeSettings (436)
[2017.06.13-08.35.35:822][775]LogModuleManager: Shutting down and abandoning module AndroidRuntimeSettings (434)
[2017.06.13-08.35.35:822][775]LogModuleManager: Shutting down and abandoning module InputBindingEditor (432)
[2017.06.13-08.35.35:822][775]LogModuleManager: Shutting down and abandoning module MergeActors (430)
[2017.06.13-08.35.35:822][775]LogModuleManager: Shutting down and abandoning module SizeMap (428)
[2017.06.13-08.35.35:822][775]LogModuleManager: Shutting down and abandoning module TreeMap (426)
[2017.06.13-08.35.35:822][775]LogModuleManager: Shutting down and abandoning module ReferenceViewer (424)
[2017.06.13-08.35.35:822][775]LogModuleManager: Shutting down and abandoning module LocalizationDashboard (422)
[2017.06.13-08.35.35:822][775]LogModuleManager: Shutting down and abandoning module LocalizationService (421)
[2017.06.13-08.35.35:822][775]LogModuleManager: Shutting down and abandoning module HardwareTargeting (418)
[2017.06.13-08.35.35:822][775]LogModuleManager: Shutting down and abandoning module DeviceProfileEditor (416)
[2017.06.13-08.35.35:822][775]LogModuleManager: Shutting down and abandoning module UndoHistory (414)
[2017.06.13-08.35.35:822][775]LogModuleManager: Shutting down and abandoning module UserFeedback (412)
[2017.06.13-08.35.35:822][775]LogModuleManager: Shutting down and abandoning module XmlParser (410)
[2017.06.13-08.35.35:822][775]LogModuleManager: Shutting down and abandoning module Blutility (408)
[2017.06.13-08.35.35:822][775]LogModuleManager: Shutting down and abandoning module ProjectSettingsViewer (406)
[2017.06.13-08.35.35:822][775]LogModuleManager: Shutting down and abandoning module ProjectTargetPlatformEditor (405)
[2017.06.13-08.35.35:823][775]LogModuleManager: Shutting down and abandoning module EditorSettingsViewer (402)
[2017.06.13-08.35.35:823][775]LogModuleManager: Shutting down and abandoning module SettingsEditor (400)
[2017.06.13-08.35.35:823][775]LogModuleManager: Shutting down and abandoning module ProjectLauncher (398)
[2017.06.13-08.35.35:823][775]LogModuleManager: Shutting down and abandoning module SessionFrontend (396)
[2017.06.13-08.35.35:823][775]LogModuleManager: Shutting down and abandoning module ProfilerClient (394)
[2017.06.13-08.35.35:823][775]LogModuleManager: Shutting down and abandoning module DeviceManager (392)
[2017.06.13-08.35.35:823][775]LogModuleManager: Shutting down and abandoning module TargetDeviceServices (391)
[2017.06.13-08.35.35:878][775]LogModuleManager: Shutting down and abandoning module AutomationController (388)
[2017.06.13-08.35.35:878][775]LogModuleManager: Shutting down and abandoning module AutomationWindow (386)
[2017.06.13-08.35.35:878][775]LogModuleManager: Shutting down and abandoning module Layers (384)
[2017.06.13-08.35.35:879][775]LogModuleManager: Shutting down and abandoning module ComponentVisualizers (382)
[2017.06.13-08.35.35:879][775]LogModuleManager: Shutting down and abandoning module DetailCustomizations (380)
[2017.06.13-08.35.35:880][775]LogModuleManager: Shutting down and abandoning module PackagesDialog (378)
[2017.06.13-08.35.35:880][775]LogModuleManager: Shutting down and abandoning module Persona (376)
[2017.06.13-08.35.35:881][775]LogModuleManager: Shutting down and abandoning module AdvancedPreviewScene (375)
[2017.06.13-08.35.35:881][775]LogModuleManager: Shutting down and abandoning module AnimGraph (373)
[2017.06.13-08.35.35:881][775]LogModuleManager: Shutting down and abandoning module Kismet (370)
[2017.06.13-08.35.35:890][775]LogModuleManager: Shutting down and abandoning module ClassViewer (368)
[2017.06.13-08.35.35:890][775]LogModuleManager: Shutting down and abandoning module Toolbox (366)
[2017.06.13-08.35.35:890][775]LogModuleManager: Shutting down and abandoning module ModuleUI (364)
[2017.06.13-08.35.35:890][775]LogModuleManager: Shutting down and abandoning module MovieSceneTools (362)
[2017.06.13-08.35.35:890][775]LogModuleManager: Shutting down and abandoning module OutputLog (360)
[2017.06.13-08.35.35:890][775]LogModuleManager: Shutting down and abandoning module GammaUI (358)
[2017.06.13-08.35.35:890][775]LogModuleManager: Shutting down and abandoning module Documentation (356)
[2017.06.13-08.35.35:890][775]LogModuleManager: Shutting down and abandoning module MovieSceneTracks (354)
[2017.06.13-08.35.35:890][775]LogModuleManager: Shutting down and abandoning module MovieScene (352)
[2017.06.13-08.35.35:890][775]LogModuleManager: Shutting down and abandoning module Niagara (350)
[2017.06.13-08.35.35:890][775]LogModuleManager: Shutting down and abandoning module NiagaraEditor (349)
[2017.06.13-08.35.35:890][775]LogModuleManager: Shutting down and abandoning module StreamingPauseRendering (346)
[2017.06.13-08.35.35:890][775]LogModuleManager: Shutting down and abandoning module AnalyticsET (344)
[2017.06.13-08.35.35:890][775]LogModuleManager: Shutting down and abandoning module PortalServices (342)
[2017.06.13-08.35.35:890][775]LogModuleManager: Shutting down and abandoning module PortalRpc (340)
[2017.06.13-08.35.35:890][775]LogModuleManager: Shutting down and abandoning module MessagingRpc (338)
[2017.06.13-08.35.35:890][775]LogModuleManager: Shutting down and abandoning module AIModule (336)
[2017.06.13-08.35.35:890][775]LogModuleManager: Shutting down and abandoning module GameplayDebugger (335)
[2017.06.13-08.35.35:890][775]LogModuleManager: Shutting down and abandoning module AITestSuite (333)
[2017.06.13-08.35.35:890][775]LogModuleManager: Shutting down and abandoning module ProfilerService (330)
[2017.06.13-08.35.35:994][775]LogModuleManager: Shutting down and abandoning module TaskGraph (328)
[2017.06.13-08.35.35:995][775]LogModuleManager: Shutting down and abandoning module SteamVRController (326)
[2017.06.13-08.35.35:995][775]LogModuleManager: Shutting down and abandoning module SteamVR (324)
[2017.06.13-08.35.35:995][775]LogModuleManager: Shutting down and abandoning module ProceduralMeshComponentEditor (322)
[2017.06.13-08.35.35:995][775]LogModuleManager: Shutting down and abandoning module ProceduralMeshComponent (320)
[2017.06.13-08.35.35:996][775]LogModuleManager: Shutting down and abandoning module OculusLibrary (318)
[2017.06.13-08.35.35:996][775]LogModuleManager: Shutting down and abandoning module OculusInput (316)
[2017.06.13-08.35.35:996][775]LogModuleManager: Shutting down and abandoning module MobilePatchingUtils (314)
[2017.06.13-08.35.35:996][775]LogModuleManager: Shutting down and abandoning module CustomMeshComponent (312)
[2017.06.13-08.35.35:996][775]LogModuleManager: Shutting down and abandoning module CableComponent (310)
[2017.06.13-08.35.35:996][775]LogModuleManager: Shutting down and abandoning module ArchVisCharacter (308)
[2017.06.13-08.35.35:996][775]LogModuleManager: Shutting down and abandoning module AndroidPermission (306)
[2017.06.13-08.35.35:996][775]LogModuleManager: Shutting down and abandoning module MediaPlayerEditor (302)
[2017.06.13-08.35.35:998][775]LogModuleManager: Shutting down and abandoning module HTML5Networking (300)
[2017.06.13-08.35.35:998][775]LogModuleManager: Shutting down and abandoning module AlembicImporter (298)
[2017.06.13-08.35.35:998][775]LogModuleManager: Shutting down and abandoning module AlembicLibrary (297)
[2017.06.13-08.35.35:998][775]LogModuleManager: Shutting down and abandoning module GeometryCache (296)
[2017.06.13-08.35.35:998][775]LogModuleManager: Shutting down and abandoning module GeometryCacheEd (295)
[2017.06.13-08.35.35:998][775]LogModuleManager: Shutting down and abandoning module SuperSearchEditor (290)
[2017.06.13-08.35.35:998][775]LogModuleManager: Shutting down and abandoning module SuperSearch (289)
[2017.06.13-08.35.35:998][775]LogModuleManager: Shutting down and abandoning module SpeedTreeImporter (286)
[2017.06.13-08.35.35:998][775]LogModuleManager: Shutting down and abandoning module PluginBrowser (284)
[2017.06.13-08.35.35:999][775]LogModuleManager: Shutting down and abandoning module MobileLauncherProfileWizard (282)
[2017.06.13-08.35.36:000][775]LogModuleManager: Shutting down and abandoning module VisualStudioSourceCodeAccess (280)
[2017.06.13-08.35.36:000][775]LogModuleManager: Shutting down and abandoning module DesktopPlatform (279)
[2017.06.13-08.35.36:001][775]LogModuleManager: Shutting down and abandoning module UObjectPlugin (276)
[2017.06.13-08.35.36:001][775]LogModuleManager: Shutting down and abandoning module SubversionSourceControl (274)
[2017.06.13-08.35.36:002][775]LogModuleManager: Shutting down and abandoning module PerforceSourceControl (272)
[2017.06.13-08.35.36:002][775]LogModuleManager: Shutting down and abandoning module GitSourceControl (270)
[2017.06.13-08.35.36:002][775]LogModuleManager: Shutting down and abandoning module SourceControl (269)
[2017.06.13-08.35.36:002][775]LogModuleManager: Shutting down and abandoning module LightPropagationVolumeEditor (266)
[2017.06.13-08.35.36:002][775]LogModuleManager: Shutting down and abandoning module PaperTiledImporter (264)
[2017.06.13-08.35.36:002][775]LogModuleManager: Shutting down and abandoning module PaperSpriteSheetImporter (262)
[2017.06.13-08.35.36:002][775]LogModuleManager: Shutting down and abandoning module Paper2DEditor (260)
[2017.06.13-08.35.36:003][775]LogModuleManager: Shutting down and abandoning module MeshPaint (259)
[2017.06.13-08.35.36:003][775]LogModuleManager: Shutting down and abandoning module LevelEditor (257)
[2017.06.13-08.35.36:004][775]LogModuleManager: Shutting down and abandoning module PixelInspectorModule (256)
[2017.06.13-08.35.36:005][775]LogModuleManager: Shutting down and abandoning module MainFrame (254)
[2017.06.13-08.35.36:005][775]LogModuleManager: Shutting down and abandoning module HotReload (253)
[2017.06.13-08.35.36:005][775]LogDirectoryWatcher: A directory notification for 'C:/Users/sssam/Documents/Unreal Projects/RB_PT_002/Binaries/Win64' was aborted.
[2017.06.13-08.35.36:007][775]LogModuleManager: Shutting down and abandoning module RB_PT_002 (248)
[2017.06.13-08.35.36:007][775]LogModuleManager: Shutting down and abandoning module PhysXVehiclesEditor (246)
[2017.06.13-08.35.36:008][775]LogModuleManager: Shutting down and abandoning module PhysXVehicles (244)
[2017.06.13-08.35.36:008][775]LogModuleManager: Shutting down and abandoning module LocationServicesBPLibrary (242)
[2017.06.13-08.35.36:008][775]LogModuleManager: Shutting down and abandoning module ImmediatePhysicsEditor (240)
[2017.06.13-08.35.36:008][775]LogModuleManager: Shutting down and abandoning module ImmediatePhysics (238)
[2017.06.13-08.35.36:008][775]LogModuleManager: Shutting down and abandoning module UdpMessaging (236)
[2017.06.13-08.35.36:109][775]LogModuleManager: Shutting down and abandoning module TcpMessaging (234)
[2017.06.13-08.35.36:210][775]LogModuleManager: Shutting down and abandoning module GameplayTagsEditor (232)
[2017.06.13-08.35.36:213][775]LogModuleManager: Shutting down and abandoning module FacialAnimationEditor (230)
[2017.06.13-08.35.36:214][775]LogModuleManager: Shutting down and abandoning module FacialAnimation (228)
[2017.06.13-08.35.36:214][775]LogModuleManager: Shutting down and abandoning module AssetManagerEditor (226)
[2017.06.13-08.35.36:215][775]LogModuleManager: Shutting down and abandoning module GraphEditor (225)
[2017.06.13-08.35.36:215][775]LogModuleManager: Shutting down and abandoning module ContentBrowser (223)
[2017.06.13-08.35.36:217][775]LogModuleManager: Shutting down and abandoning module LightPropagationVolumeRuntime (220)
[2017.06.13-08.35.36:217][775]LogModuleManager: Shutting down and abandoning module Paper2D (218)
[2017.06.13-08.35.36:217][775]LogModuleManager: Shutting down and abandoning module WindowsMoviePlayer (216)
[2017.06.13-08.35.36:217][775]LogModuleManager: Shutting down and abandoning module WmfMedia (214)
[2017.06.13-08.35.36:220][775]LogModuleManager: Shutting down and abandoning module ClothingSystemEditor (212)
[2017.06.13-08.35.36:221][775]LogModuleManager: Shutting down and abandoning module ClothingSystemRuntime (210)
[2017.06.13-08.35.36:221][775]LogModuleManager: Shutting down and abandoning module MediaAssets (208)
[2017.06.13-08.35.36:221][775]LogModuleManager: Shutting down and abandoning module GameLiveStreaming (206)
[2017.06.13-08.35.36:222][775]LogModuleManager: Shutting down and abandoning module VREditor (204)
[2017.06.13-08.35.36:222][775]LogModuleManager: Shutting down and abandoning module StringTableEditor (202)
[2017.06.13-08.35.36:223][775]LogModuleManager: Shutting down and abandoning module GameplayTasksEditor (200)
[2017.06.13-08.35.36:223][775]LogModuleManager: Shutting down and abandoning module BehaviorTreeEditor (198)
[2017.06.13-08.35.36:224][775]LogModuleManager: Shutting down and abandoning module FunctionalTesting (196)
[2017.06.13-08.35.36:224][775]LogModuleManager: Shutting down and abandoning module CollisionAnalyzer (194)
[2017.06.13-08.35.36:225][775]LogModuleManager: Shutting down and abandoning module UMG (192)
[2017.06.13-08.35.36:226][775]LogModuleManager: Shutting down and abandoning module UMGEditor (191)
[2017.06.13-08.35.36:227][775]LogModuleManager: Shutting down and abandoning module Sequencer (190)
[2017.06.13-08.35.36:231][775]LogModuleManager: Shutting down and abandoning module AssetTools (188)
[2017.06.13-08.35.36:233][775]LogModuleManager: Shutting down and abandoning module MessageLog (187)
[2017.06.13-08.35.36:233][775]LogModuleManager: Shutting down and abandoning module WorkspaceMenuStructure (186)
[2017.06.13-08.35.36:233][775]LogModuleManager: Shutting down and abandoning module SlateReflector (180)
[2017.06.13-08.35.36:235][775]LogModuleManager: Shutting down and abandoning module Slate (178)
[2017.06.13-08.35.36:235][775]LogModuleManager: Shutting down and abandoning module EditorStyle (176)
[2017.06.13-08.35.36:238][775]LogModuleManager: Shutting down and abandoning module SourceCodeAccess (174)
[2017.06.13-08.35.36:238][775]LogModuleManager: Shutting down and abandoning module HeadMountedDisplay (172)
[2017.06.13-08.35.36:238][775]LogModuleManager: Shutting down and abandoning module XAudio2 (170)
[2017.06.13-08.35.36:238][775]LogModuleManager: Shutting down and abandoning module Networking (168)
[2017.06.13-08.35.36:238][775]LogModuleManager: Shutting down and abandoning module Core (164)
[2017.06.13-08.35.36:238][775]LogModuleManager: Shutting down and abandoning module AssetRegistry (162)
[2017.06.13-08.35.36:408][775]LogDirectoryWatcher: A directory notification for '../../../Engine/Content/' was aborted.
[2017.06.13-08.35.36:408][775]LogDirectoryWatcher: A directory notification for '../../../../../../Users/sssam/Documents/Unreal Projects/RB_PT_002/Content/' was aborted.
[2017.06.13-08.35.36:408][775]LogDirectoryWatcher: A directory notification for '../../../Engine/Plugins/2D/Paper2D/Content/' was aborted.
[2017.06.13-08.35.36:408][775]LogDirectoryWatcher: A directory notification for '../../../Engine/Plugins/Runtime/GearVR/Content/' was aborted.
[2017.06.13-08.35.36:423][775]LogModuleManager: Shutting down and abandoning module DirectoryWatcher (161)
[2017.06.13-08.35.36:434][775]LogModuleManager: Shutting down and abandoning module KismetCompiler (158)
[2017.06.13-08.35.36:435][775]LogModuleManager: Shutting down and abandoning module LevelSequence (156)
[2017.06.13-08.35.36:435][775]LogModuleManager: Shutting down and abandoning module PhysXFormats (154)
[2017.06.13-08.35.36:435][775]LogModuleManager: Shutting down and abandoning module MeshUtilities (152)
[2017.06.13-08.35.36:436][775]LogModuleManager: Shutting down and abandoning module SimplygonSwarm (151)
[2017.06.13-08.35.36:437][775]LogModuleManager: Shutting down and abandoning module SimplygonMeshReduction (149)
[2017.06.13-08.35.36:437][775]LogModuleManager: Shutting down and abandoning module QuadricMeshReduction (147)
[2017.06.13-08.35.36:438][775]LogModuleManager: Shutting down and abandoning module DerivedDataCache (144)
[2017.06.13-08.35.36:482][775]LogDerivedDataCache: Shutdown
[2017.06.13-08.35.36:483][775]LogModuleManager: Shutting down and abandoning module TargetPlatform (142)
[2017.06.13-08.35.36:483][775]LogModuleManager: Shutting down and abandoning module VulkanShaderFormat (141)
[2017.06.13-08.35.36:484][775]LogModuleManager: Shutting down and abandoning module ShaderFormatVectorVM (139)
[2017.06.13-08.35.36:484][775]LogModuleManager: Shutting down and abandoning module ShaderFormatOpenGL (137)
[2017.06.13-08.35.36:485][775]LogModuleManager: Shutting down and abandoning module ShaderFormatD3D (135)
[2017.06.13-08.35.36:485][775]LogModuleManager: Shutting down and abandoning module MetalShaderFormat (133)
[2017.06.13-08.35.36:486][775]LogModuleManager: Shutting down and abandoning module TextureFormatUncompressed (131)
[2017.06.13-08.35.36:486][775]LogModuleManager: Shutting down and abandoning module TextureFormatPVR (129)
[2017.06.13-08.35.36:486][775]LogModuleManager: Shutting down and abandoning module TextureFormatDXT (127)
[2017.06.13-08.35.36:486][775]LogModuleManager: Shutting down and abandoning module TextureFormatIntelISPCTexComp (125)
[2017.06.13-08.35.36:487][775]LogModuleManager: Shutting down and abandoning module TextureFormatASTC (123)
[2017.06.13-08.35.36:487][775]LogModuleManager: Shutting down and abandoning module ImageWrapper (122)
[2017.06.13-08.35.36:487][775]LogModuleManager: Shutting down and abandoning module TextureFormatAndroid (119)
[2017.06.13-08.35.36:487][775]LogModuleManager: Shutting down and abandoning module AudioFormatOpus (117)
[2017.06.13-08.35.36:487][775]LogModuleManager: Shutting down and abandoning module AudioFormatOgg (115)
[2017.06.13-08.35.36:487][775]LogModuleManager: Shutting down and abandoning module AudioFormatADPCM (113)
[2017.06.13-08.35.36:487][775]LogModuleManager: Shutting down and abandoning module LinuxTargetPlatform (111)
[2017.06.13-08.35.36:487][775]LogModuleManager: Shutting down and abandoning module LinuxServerTargetPlatform (109)
[2017.06.13-08.35.36:487][775]LogModuleManager: Shutting down and abandoning module LinuxNoEditorTargetPlatform (107)
[2017.06.13-08.35.36:487][775]LogModuleManager: Shutting down and abandoning module LinuxClientTargetPlatform (105)
[2017.06.13-08.35.36:487][775]LogModuleManager: Shutting down and abandoning module TVOSTargetPlatform (103)
[2017.06.13-08.35.36:487][775]LogModuleManager: Shutting down and abandoning module Messaging (101)
[2017.06.13-08.35.36:487][775]LogModuleManager: Shutting down and abandoning module IOSTargetPlatform (99)
[2017.06.13-08.35.36:487][775]LogModuleManager: Shutting down and abandoning module HTML5TargetPlatform (97)
[2017.06.13-08.35.36:487][775]LogModuleManager: Shutting down and abandoning module Android_PVRTCTargetPlatform (95)
[2017.06.13-08.35.36:488][775]LogModuleManager: Shutting down and abandoning module Android_MultiTargetPlatform (93)
[2017.06.13-08.35.36:488][775]LogModuleManager: Shutting down and abandoning module Android_ETC2TargetPlatform (91)
[2017.06.13-08.35.36:488][775]LogModuleManager: Shutting down and abandoning module Android_ETC1TargetPlatform (89)
[2017.06.13-08.35.36:488][775]LogModuleManager: Shutting down and abandoning module Android_DXTTargetPlatform (87)
[2017.06.13-08.35.36:489][775]LogModuleManager: Shutting down and abandoning module Android_ATCTargetPlatform (85)
[2017.06.13-08.35.36:489][775]LogModuleManager: Shutting down and abandoning module Android_ASTCTargetPlatform (83)
[2017.06.13-08.35.36:489][775]LogModuleManager: Shutting down and abandoning module AndroidTargetPlatform (81)
[2017.06.13-08.35.36:489][775]LogModuleManager: Shutting down and abandoning module WindowsTargetPlatform (79)
[2017.06.13-08.35.36:489][775]LogModuleManager: Shutting down and abandoning module WindowsServerTargetPlatform (77)
[2017.06.13-08.35.36:490][775]LogModuleManager: Shutting down and abandoning module WindowsNoEditorTargetPlatform (75)
[2017.06.13-08.35.36:490][775]LogModuleManager: Shutting down and abandoning module WindowsClientTargetPlatform (73)
[2017.06.13-08.35.36:490][775]LogModuleManager: Shutting down and abandoning module MacTargetPlatform (71)
[2017.06.13-08.35.36:490][775]LogModuleManager: Shutting down and abandoning module MacServerTargetPlatform (69)
[2017.06.13-08.35.36:490][775]LogModuleManager: Shutting down and abandoning module MacNoEditorTargetPlatform (67)
[2017.06.13-08.35.36:490][775]LogModuleManager: Shutting down and abandoning module MacClientTargetPlatform (65)
[2017.06.13-08.35.36:490][775]LogModuleManager: Shutting down and abandoning module AllDesktopTargetPlatform (63)
[2017.06.13-08.35.36:490][775]LogModuleManager: Shutting down and abandoning module InputCore (60)
[2017.06.13-08.35.36:490][775]LogModuleManager: Shutting down and abandoning module Settings (58)
[2017.06.13-08.35.36:491][775]LogModuleManager: Shutting down and abandoning module OculusRift (56)
[2017.06.13-08.35.36:491][775]LogModuleManager: Shutting down and abandoning module GearVRController (54)
[2017.06.13-08.35.36:491][775]LogModuleManager: Shutting down and abandoning module GearVR (52)
[2017.06.13-08.35.36:494][775]LogModuleManager: Shutting down and abandoning module ExampleDeviceProfileSelector (50)
[2017.06.13-08.35.36:494][775]LogModuleManager: Shutting down and abandoning module OnlineBlueprintSupport (48)
[2017.06.13-08.35.36:494][775]LogModuleManager: Shutting down and abandoning module OnlineSubsystem (44)
[2017.06.13-08.35.36:494][775]LogOnline:Display: Unloading online subsystem: NULL
[2017.06.13-08.35.36:496][775]LogModuleManager: Shutting down and abandoning module XMPP (43)
[2017.06.13-08.35.36:497][775]LogModuleManager: Shutting down and abandoning module HTTP (41)
[2017.06.13-08.35.36:497][775]LogHttp:Display: Http module shutting down, but needs to wait on 1 outstanding Http requests:
[2017.06.13-08.35.36:497][775]LogHttp:Display: 	verb=[POST] url=[https://datarouter.ol.epicgames.com/datarouter/api/v1/public/data?SessionID=%7B2590FDDA-4CAC-FFC5-FB0F-0D9A47BE3C45%7D&AppID=UEEditor.Rocket.Release&AppVersion=4.16.1-3466753%2B%2B%2BUE4%2BRelease-4.16&UserID=7f2b7e194e5043dde1269db06a6c21a7%7Cbebc013930214c8380abe10fd81b3834%7Ca52139e7-93a7-4282-813e-9df2e928f849&AppEnvironment=datacollector-binary&UploadType=eteventstream] status=Processing
[2017.06.13-08.35.36:521][775]LogModuleManager: Shutting down and abandoning module SSL (40)
[2017.06.13-08.35.36:523][775]LogModuleManager: Shutting down and abandoning module HTTPChunkInstaller (36)
[2017.06.13-08.35.36:526][775]LogModuleManager: Shutting down and abandoning module AnimationModifiers (34)
[2017.06.13-08.35.36:526][775]LogModuleManager: Shutting down and abandoning module PropertyEditor (33)
[2017.06.13-08.35.36:526][775]LogModuleManager: Shutting down and abandoning module AudioEditor (30)
[2017.06.13-08.35.36:527][775]LogModuleManager: Shutting down and abandoning module TextureCompressor (28)
[2017.06.13-08.35.36:527][775]LogModuleManager: Shutting down and abandoning module ShaderCore (26)
[2017.06.13-08.35.36:527][775]LogModuleManager: Shutting down and abandoning module Landscape (24)
[2017.06.13-08.35.36:527][775]LogModuleManager: Shutting down and abandoning module SlateRHIRenderer (22)
[2017.06.13-08.35.36:531][775]LogModuleManager: Shutting down and abandoning module OpenGLDrv (20)
[2017.06.13-08.35.36:532][775]LogModuleManager: Shutting down and abandoning module D3D11RHI (18)
[2017.06.13-08.35.36:532][775]LogModuleManager: Shutting down and abandoning module AnimGraphRuntime (16)
[2017.06.13-08.35.36:532][775]LogModuleManager: Shutting down and abandoning module Renderer (14)
[2017.06.13-08.35.36:532][775]LogModuleManager: Shutting down and abandoning module Engine (12)
[2017.06.13-08.35.36:532][775]LogModuleManager: Shutting down and abandoning module CoreUObject (10)
[2017.06.13-08.35.36:532][775]LogModuleManager: Shutting down and abandoning module NetworkFile (8)
[2017.06.13-08.35.36:533][775]LogModuleManager: Shutting down and abandoning module StreamingFile (6)
[2017.06.13-08.35.36:533][775]LogModuleManager: Shutting down and abandoning module SandboxFile (4)
[2017.06.13-08.35.36:533][775]LogModuleManager: Shutting down and abandoning module PakFile (2)
[2017.06.13-08.35.36:549][775]LogExit: Exiting.
[2017.06.13-08.35.36:582][775]Log file closed, 06/13/17 09:35:36
